{"/home/travis/build/npmtest/node-npmtest-commitizen/test.js":{"path":"/home/travis/build/npmtest/node-npmtest-commitizen/test.js","s":{"1":2,"2":2,"3":2,"4":2,"5":2,"6":2,"7":2,"8":1,"9":2,"10":2,"11":1,"12":1,"13":1,"14":1,"15":2,"16":2,"17":2,"18":2,"19":1,"20":1,"21":2,"22":2,"23":2,"24":1,"25":1,"26":1,"27":1,"28":1,"29":1,"30":1,"31":1,"32":1,"33":1,"34":1,"35":1,"36":1,"37":1,"38":1,"39":2,"40":2,"41":1,"42":2,"43":2,"44":1,"45":2,"46":2,"47":1,"48":2,"49":2,"50":1,"51":1,"52":1,"53":1,"54":1},"b":{"1":[2,1,1,1],"2":[1,1,1,1],"3":[1,1],"4":[1,1],"5":[1,1],"6":[1,1],"7":[1,1],"8":[1,1],"9":[1,1],"10":[1,1,1],"11":[1,1],"12":[1,1],"13":[1,1],"14":[1,1],"15":[1,1],"16":[1,1],"17":[1,1]},"f":{"1":2,"2":2,"3":2,"4":2,"5":2,"6":1,"7":1,"8":1,"9":2,"10":2,"11":2,"12":2,"13":1},"fnMap":{"1":{"name":"(anonymous_1)","line":12,"loc":{"start":{"line":12,"column":1},"end":{"line":12,"column":13}}},"2":{"name":"(anonymous_2)","line":19,"loc":{"start":{"line":19,"column":5},"end":{"line":19,"column":17}}},"3":{"name":"(anonymous_3)","line":23,"loc":{"start":{"line":23,"column":24},"end":{"line":23,"column":36}}},"4":{"name":"(anonymous_4)","line":61,"loc":{"start":{"line":61,"column":5},"end":{"line":61,"column":17}}},"5":{"name":"(anonymous_5)","line":82,"loc":{"start":{"line":82,"column":5},"end":{"line":82,"column":17}}},"6":{"name":"(anonymous_6)","line":91,"loc":{"start":{"line":91,"column":77},"end":{"line":94,"column":10}}},"7":{"name":"(anonymous_7)","line":112,"loc":{"start":{"line":112,"column":83},"end":{"line":115,"column":10}},"skip":true},"8":{"name":"(anonymous_8)","line":123,"loc":{"start":{"line":123,"column":77},"end":{"line":126,"column":10}},"skip":true},"9":{"name":"(anonymous_9)","line":139,"loc":{"start":{"line":139,"column":12},"end":{"line":139,"column":40}},"skip":true},"10":{"name":"(anonymous_10)","line":147,"loc":{"start":{"line":147,"column":77},"end":{"line":150,"column":10}},"skip":true},"11":{"name":"(anonymous_11)","line":158,"loc":{"start":{"line":158,"column":83},"end":{"line":161,"column":10}},"skip":true},"12":{"name":"(anonymous_12)","line":169,"loc":{"start":{"line":169,"column":79},"end":{"line":172,"column":10}},"skip":true},"13":{"name":"(anonymous_13)","line":180,"loc":{"start":{"line":180,"column":75},"end":{"line":183,"column":10}},"skip":true}},"statementMap":{"1":{"start":{"line":12,"column":0},"end":{"line":195,"column":5}},"2":{"start":{"line":14,"column":4},"end":{"line":14,"column":14}},"3":{"start":{"line":19,"column":4},"end":{"line":56,"column":9}},"4":{"start":{"line":21,"column":8},"end":{"line":21,"column":19}},"5":{"start":{"line":23,"column":8},"end":{"line":35,"column":13}},"6":{"start":{"line":24,"column":12},"end":{"line":34,"column":13}},"7":{"start":{"line":25,"column":16},"end":{"line":28,"column":30}},"8":{"start":{"line":30,"column":16},"end":{"line":33,"column":27}},"9":{"start":{"line":37,"column":8},"end":{"line":39,"column":21}},"10":{"start":{"line":40,"column":8},"end":{"line":53,"column":9}},"11":{"start":{"line":43,"column":12},"end":{"line":46,"column":14}},"12":{"start":{"line":47,"column":12},"end":{"line":47,"column":18}},"13":{"start":{"line":50,"column":12},"end":{"line":51,"column":46}},"14":{"start":{"line":52,"column":12},"end":{"line":52,"column":18}},"15":{"start":{"line":55,"column":8},"end":{"line":55,"column":35}},"16":{"start":{"line":61,"column":4},"end":{"line":63,"column":9}},"17":{"start":{"line":62,"column":8},"end":{"line":62,"column":15}},"18":{"start":{"line":64,"column":4},"end":{"line":77,"column":5}},"19":{"start":{"line":70,"column":8},"end":{"line":70,"column":14}},"20":{"start":{"line":76,"column":8},"end":{"line":76,"column":14}},"21":{"start":{"line":82,"column":4},"end":{"line":84,"column":9}},"22":{"start":{"line":83,"column":8},"end":{"line":83,"column":15}},"23":{"start":{"line":85,"column":4},"end":{"line":194,"column":5}},"24":{"start":{"line":91,"column":8},"end":{"line":99,"column":10}},"25":{"start":{"line":98,"column":12},"end":{"line":98,"column":35}},"26":{"start":{"line":102,"column":8},"end":{"line":104,"column":63}},"27":{"start":{"line":105,"column":8},"end":{"line":105,"column":14}},"28":{"start":{"line":112,"column":8},"end":{"line":121,"column":10},"skip":true},"29":{"start":{"line":119,"column":12},"end":{"line":119,"column":55},"skip":true},"30":{"start":{"line":120,"column":12},"end":{"line":120,"column":48},"skip":true},"31":{"start":{"line":123,"column":8},"end":{"line":136,"column":10},"skip":true},"32":{"start":{"line":130,"column":12},"end":{"line":130,"column":76},"skip":true},"33":{"start":{"line":131,"column":12},"end":{"line":131,"column":73},"skip":true},"34":{"start":{"line":132,"column":12},"end":{"line":132,"column":74},"skip":true},"35":{"start":{"line":133,"column":12},"end":{"line":133,"column":79},"skip":true},"36":{"start":{"line":134,"column":12},"end":{"line":134,"column":25},"skip":true},"37":{"start":{"line":135,"column":12},"end":{"line":135,"column":45},"skip":true},"38":{"start":{"line":138,"column":8},"end":{"line":145,"column":14},"skip":true},"39":{"start":{"line":143,"column":16},"end":{"line":143,"column":29},"skip":true},"40":{"start":{"line":144,"column":16},"end":{"line":144,"column":55},"skip":true},"41":{"start":{"line":147,"column":8},"end":{"line":156,"column":10},"skip":true},"42":{"start":{"line":154,"column":12},"end":{"line":154,"column":25},"skip":true},"43":{"start":{"line":155,"column":12},"end":{"line":155,"column":45},"skip":true},"44":{"start":{"line":158,"column":8},"end":{"line":167,"column":10},"skip":true},"45":{"start":{"line":165,"column":12},"end":{"line":165,"column":25},"skip":true},"46":{"start":{"line":166,"column":12},"end":{"line":166,"column":48},"skip":true},"47":{"start":{"line":169,"column":8},"end":{"line":178,"column":10},"skip":true},"48":{"start":{"line":176,"column":12},"end":{"line":176,"column":25},"skip":true},"49":{"start":{"line":177,"column":12},"end":{"line":177,"column":46},"skip":true},"50":{"start":{"line":180,"column":8},"end":{"line":189,"column":10},"skip":true},"51":{"start":{"line":187,"column":12},"end":{"line":187,"column":94},"skip":true},"52":{"start":{"line":188,"column":12},"end":{"line":188,"column":48},"skip":true},"53":{"start":{"line":192,"column":8},"end":{"line":192,"column":35},"skip":true},"54":{"start":{"line":193,"column":8},"end":{"line":193,"column":14},"skip":true}},"branchMap":{"1":{"line":25,"type":"binary-expr","locations":[{"start":{"line":25,"column":23},"end":{"line":25,"column":62}},{"start":{"line":26,"column":20},"end":{"line":26,"column":70}},{"start":{"line":27,"column":20},"end":{"line":27,"column":71}},{"start":{"line":28,"column":20},"end":{"line":28,"column":29}}]},"2":{"line":30,"type":"binary-expr","locations":[{"start":{"line":30,"column":23},"end":{"line":30,"column":37}},{"start":{"line":31,"column":20},"end":{"line":31,"column":61}},{"start":{"line":32,"column":20},"end":{"line":32,"column":70}},{"start":{"line":33,"column":20},"end":{"line":33,"column":26}}]},"3":{"line":37,"type":"cond-expr","locations":[{"start":{"line":38,"column":14},"end":{"line":38,"column":20}},{"start":{"line":39,"column":14},"end":{"line":39,"column":20}}]},"4":{"line":40,"type":"switch","locations":[{"start":{"line":42,"column":8},"end":{"line":47,"column":18}},{"start":{"line":49,"column":8},"end":{"line":52,"column":18}}]},"5":{"line":44,"type":"binary-expr","locations":[{"start":{"line":44,"column":16},"end":{"line":44,"column":44}},{"start":{"line":44,"column":48},"end":{"line":44,"column":66}}]},"6":{"line":50,"type":"binary-expr","locations":[{"start":{"line":50,"column":21},"end":{"line":50,"column":49}},{"start":{"line":50,"column":53},"end":{"line":50,"column":72}}]},"7":{"line":64,"type":"switch","locations":[{"start":{"line":69,"column":4},"end":{"line":70,"column":14}},{"start":{"line":75,"column":4},"end":{"line":76,"column":14}}]},"8":{"line":85,"type":"switch","locations":[{"start":{"line":90,"column":4},"end":{"line":105,"column":14}},{"start":{"line":111,"column":4},"end":{"line":193,"column":14},"skip":true}]},"9":{"line":91,"type":"binary-expr","locations":[{"start":{"line":91,"column":42},"end":{"line":91,"column":73}},{"start":{"line":91,"column":77},"end":{"line":99,"column":9}}]},"10":{"line":102,"type":"binary-expr","locations":[{"start":{"line":102,"column":18},"end":{"line":102,"column":32}},{"start":{"line":103,"column":12},"end":{"line":103,"column":53}},{"start":{"line":104,"column":12},"end":{"line":104,"column":61}}]},"11":{"line":112,"type":"binary-expr","locations":[{"start":{"line":112,"column":45},"end":{"line":112,"column":79},"skip":true},{"start":{"line":112,"column":83},"end":{"line":121,"column":9},"skip":true}]},"12":{"line":123,"type":"binary-expr","locations":[{"start":{"line":123,"column":42},"end":{"line":123,"column":73},"skip":true},{"start":{"line":123,"column":77},"end":{"line":136,"column":9},"skip":true}]},"13":{"line":138,"type":"binary-expr","locations":[{"start":{"line":138,"column":48},"end":{"line":138,"column":85},"skip":true},{"start":{"line":139,"column":12},"end":{"line":145,"column":13},"skip":true}]},"14":{"line":147,"type":"binary-expr","locations":[{"start":{"line":147,"column":42},"end":{"line":147,"column":73},"skip":true},{"start":{"line":147,"column":77},"end":{"line":156,"column":9},"skip":true}]},"15":{"line":158,"type":"binary-expr","locations":[{"start":{"line":158,"column":45},"end":{"line":158,"column":79},"skip":true},{"start":{"line":158,"column":83},"end":{"line":167,"column":9},"skip":true}]},"16":{"line":169,"type":"binary-expr","locations":[{"start":{"line":169,"column":43},"end":{"line":169,"column":75},"skip":true},{"start":{"line":169,"column":79},"end":{"line":178,"column":9},"skip":true}]},"17":{"line":180,"type":"binary-expr","locations":[{"start":{"line":180,"column":41},"end":{"line":180,"column":71},"skip":true},{"start":{"line":180,"column":75},"end":{"line":189,"column":9},"skip":true}]}},"code":["/* istanbul instrument in package npmtest_commitizen */","/*jslint","    bitwise: true,","    browser: true,","    maxerr: 8,","    maxlen: 96,","    node: true,","    nomen: true,","    regexp: true,","    stupid: true","*/","(function () {","    'use strict';","    var local;","","","","    // run shared js-env code - pre-init","    (function () {","        // init local","        local = {};","        // init modeJs","        local.modeJs = (function () {","            try {","                return typeof navigator.userAgent === 'string' &&","                    typeof document.querySelector('body') === 'object' &&","                    typeof XMLHttpRequest.prototype.open === 'function' &&","                    'browser';","            } catch (errorCaughtBrowser) {","                return module.exports &&","                    typeof process.versions.node === 'string' &&","                    typeof require('http').createServer === 'function' &&","                    'node';","            }","        }());","        // init global","        local.global = local.modeJs === 'browser'","            ? window","            : global;","        switch (local.modeJs) {","        // re-init local from window.local","        case 'browser':","            local = local.global.utility2.objectSetDefault(","                local.global.utility2_rollup || local.global.local,","                local.global.utility2","            );","            break;","        // re-init local from example.js","        case 'node':","            local = (local.global.utility2_rollup || require('utility2'))","                .requireExampleJsFromReadme();","            break;","        }","        // export local","        local.global.local = local;","    }());","","","","    // run shared js-env code - function","    (function () {","        return;","    }());","    switch (local.modeJs) {","","","","    // run browser js-env code - function","    case 'browser':","        break;","","","","    // run node js-env code - function","    case 'node':","        break;","    }","","","","    // run shared js-env code - post-init","    (function () {","        return;","    }());","    switch (local.modeJs) {","","","","    // run browser js-env code - post-init","    case 'browser':","        local.testCase_browser_nullCase = local.testCase_browser_nullCase || function (","            options,","            onError","        ) {","        /*","         * this function will test browsers's null-case handling-behavior-behavior","         */","            onError(null, options);","        };","","        // run tests","        local.nop(local.modeTest &&","            document.querySelector('#testRunButton1') &&","            document.querySelector('#testRunButton1').click());","        break;","","","","    // run node js-env code - post-init","    /* istanbul ignore next */","    case 'node':","        local.testCase_buildApidoc_default = local.testCase_buildApidoc_default || function (","            options,","            onError","        ) {","        /*","         * this function will test buildApidoc's default handling-behavior-behavior","         */","            options = { modulePathList: module.paths };","            local.buildApidoc(options, onError);","        };","","        local.testCase_buildApp_default = local.testCase_buildApp_default || function (","            options,","            onError","        ) {","        /*","         * this function will test buildApp's default handling-behavior-behavior","         */","            local.testCase_buildReadme_default(options, local.onErrorThrow);","            local.testCase_buildLib_default(options, local.onErrorThrow);","            local.testCase_buildTest_default(options, local.onErrorThrow);","            local.testCase_buildCustomOrg_default(options, local.onErrorThrow);","            options = [];","            local.buildApp(options, onError);","        };","","        local.testCase_buildCustomOrg_default = local.testCase_buildCustomOrg_default ||","            function (options, onError) {","            /*","             * this function will test buildCustomOrg's default handling-behavior","             */","                options = {};","                local.buildCustomOrg(options, onError);","            };","","        local.testCase_buildLib_default = local.testCase_buildLib_default || function (","            options,","            onError","        ) {","        /*","         * this function will test buildLib's default handling-behavior","         */","            options = {};","            local.buildLib(options, onError);","        };","","        local.testCase_buildReadme_default = local.testCase_buildReadme_default || function (","            options,","            onError","        ) {","        /*","         * this function will test buildReadme's default handling-behavior-behavior","         */","            options = {};","            local.buildReadme(options, onError);","        };","","        local.testCase_buildTest_default = local.testCase_buildTest_default || function (","            options,","            onError","        ) {","        /*","         * this function will test buildTest's default handling-behavior","         */","            options = {};","            local.buildTest(options, onError);","        };","","        local.testCase_webpage_default = local.testCase_webpage_default || function (","            options,","            onError","        ) {","        /*","         * this function will test webpage's default handling-behavior","         */","            options = { modeCoverageMerge: true, url: local.serverLocalHost + '?modeTest=1' };","            local.browserTest(options, onError);","        };","","        // run test-server","        local.testRunServer(local);","        break;","    }","}());",""],"l":{"12":2,"14":2,"19":2,"21":2,"23":2,"24":2,"25":2,"30":1,"37":2,"40":2,"43":1,"47":1,"50":1,"52":1,"55":2,"61":2,"62":2,"64":2,"70":1,"76":1,"82":2,"83":2,"85":2,"91":1,"98":1,"102":1,"105":1,"112":1,"119":1,"120":1,"123":1,"130":1,"131":1,"132":1,"133":1,"134":1,"135":1,"138":1,"143":2,"144":2,"147":1,"154":2,"155":2,"158":1,"165":2,"166":2,"169":1,"176":2,"177":2,"180":1,"187":1,"188":1,"192":1,"193":1}},"/home/travis/build/npmtest/node-npmtest-commitizen/lib.npmtest_commitizen.js":{"path":"/home/travis/build/npmtest/node-npmtest-commitizen/lib.npmtest_commitizen.js","s":{"1":2,"2":2,"3":2,"4":2,"5":2,"6":2,"7":2,"8":1,"9":2,"10":2,"11":2,"12":2,"13":1,"14":1,"15":1,"16":1},"b":{"1":[2,1,1,1],"2":[1,1,1,1],"3":[1,1],"4":[2,2],"5":[1,1]},"f":{"1":2,"2":2,"3":2},"fnMap":{"1":{"name":"(anonymous_1)","line":12,"loc":{"start":{"line":12,"column":1},"end":{"line":12,"column":13}}},"2":{"name":"(anonymous_2)","line":19,"loc":{"start":{"line":19,"column":5},"end":{"line":19,"column":17}}},"3":{"name":"(anonymous_3)","line":23,"loc":{"start":{"line":23,"column":24},"end":{"line":23,"column":36}}}},"statementMap":{"1":{"start":{"line":12,"column":0},"end":{"line":53,"column":5}},"2":{"start":{"line":14,"column":4},"end":{"line":14,"column":14}},"3":{"start":{"line":19,"column":4},"end":{"line":52,"column":9}},"4":{"start":{"line":21,"column":8},"end":{"line":21,"column":19}},"5":{"start":{"line":23,"column":8},"end":{"line":35,"column":13}},"6":{"start":{"line":24,"column":12},"end":{"line":34,"column":13}},"7":{"start":{"line":25,"column":16},"end":{"line":28,"column":30}},"8":{"start":{"line":30,"column":16},"end":{"line":33,"column":27}},"9":{"start":{"line":37,"column":8},"end":{"line":39,"column":21}},"10":{"start":{"line":41,"column":8},"end":{"line":41,"column":54}},"11":{"start":{"line":43,"column":8},"end":{"line":43,"column":55}},"12":{"start":{"line":45,"column":8},"end":{"line":51,"column":9}},"13":{"start":{"line":46,"column":12},"end":{"line":46,"column":61}},"14":{"start":{"line":48,"column":12},"end":{"line":48,"column":35}},"15":{"start":{"line":49,"column":12},"end":{"line":49,"column":49}},"16":{"start":{"line":50,"column":12},"end":{"line":50,"column":43}}},"branchMap":{"1":{"line":25,"type":"binary-expr","locations":[{"start":{"line":25,"column":23},"end":{"line":25,"column":62}},{"start":{"line":26,"column":20},"end":{"line":26,"column":70}},{"start":{"line":27,"column":20},"end":{"line":27,"column":71}},{"start":{"line":28,"column":20},"end":{"line":28,"column":29}}]},"2":{"line":30,"type":"binary-expr","locations":[{"start":{"line":30,"column":23},"end":{"line":30,"column":37}},{"start":{"line":31,"column":20},"end":{"line":31,"column":61}},{"start":{"line":32,"column":20},"end":{"line":32,"column":70}},{"start":{"line":33,"column":20},"end":{"line":33,"column":26}}]},"3":{"line":37,"type":"cond-expr","locations":[{"start":{"line":38,"column":14},"end":{"line":38,"column":20}},{"start":{"line":39,"column":14},"end":{"line":39,"column":20}}]},"4":{"line":41,"type":"binary-expr","locations":[{"start":{"line":41,"column":16},"end":{"line":41,"column":44}},{"start":{"line":41,"column":48},"end":{"line":41,"column":53}}]},"5":{"line":45,"type":"if","locations":[{"start":{"line":45,"column":8},"end":{"line":45,"column":8}},{"start":{"line":45,"column":8},"end":{"line":45,"column":8}}]}},"code":["/* istanbul instrument in package npmtest_commitizen */","/*jslint","    bitwise: true,","    browser: true,","    maxerr: 8,","    maxlen: 96,","    node: true,","    nomen: true,","    regexp: true,","    stupid: true","*/","(function () {","    'use strict';","    var local;","","","","    // run shared js-env code - pre-init","    (function () {","        // init local","        local = {};","        // init modeJs","        local.modeJs = (function () {","            try {","                return typeof navigator.userAgent === 'string' &&","                    typeof document.querySelector('body') === 'object' &&","                    typeof XMLHttpRequest.prototype.open === 'function' &&","                    'browser';","            } catch (errorCaughtBrowser) {","                return module.exports &&","                    typeof process.versions.node === 'string' &&","                    typeof require('http').createServer === 'function' &&","                    'node';","            }","        }());","        // init global","        local.global = local.modeJs === 'browser'","            ? window","            : global;","        // init utility2_rollup","        local = local.global.utility2_rollup || local;","        // init lib","        local.local = local.npmtest_commitizen = local;","        // init exports","        if (local.modeJs === 'browser') {","            local.global.utility2_npmtest_commitizen = local;","        } else {","            module.exports = local;","            module.exports.__dirname = __dirname;","            module.exports.module = module;","        }","    }());","}());",""],"l":{"12":2,"14":2,"19":2,"21":2,"23":2,"24":2,"25":2,"30":1,"37":2,"41":2,"43":2,"45":2,"46":1,"48":1,"49":1,"50":1}},"/home/travis/build/npmtest/node-npmtest-commitizen/example.js":{"path":"/home/travis/build/npmtest/node-npmtest-commitizen/example.js","s":{"1":2,"2":2,"3":2,"4":2,"5":2,"6":2,"7":2,"8":1,"9":2,"10":2,"11":2,"12":2,"13":1,"14":2,"15":2,"16":2,"17":2,"18":2,"19":0,"20":2,"21":1,"22":1,"23":1,"24":1,"25":1,"26":0,"27":0,"28":1,"29":1,"30":2,"31":0,"32":0,"33":0,"34":1,"35":2,"36":2,"37":3,"38":3,"39":3,"40":3,"41":0,"42":3,"43":3,"44":3,"45":1,"46":3,"47":1,"48":1,"49":1,"50":1,"51":1,"52":1,"53":1,"54":1,"55":1,"56":1,"57":0,"58":1,"59":6,"60":6,"61":1,"62":2,"63":0,"64":2,"65":1,"66":1,"67":0,"68":0,"69":0,"70":0,"71":0,"72":0,"73":0,"74":0,"75":0,"76":0,"77":0,"78":0,"79":0,"80":0,"81":0,"82":0,"83":0},"b":{"1":[2,1,1,1],"2":[1,1,1,1],"3":[1,1],"4":[2,2],"5":[1,1],"6":[1,1],"7":[2,0],"8":[2,1,1,1,1,1],"9":[0,2,0],"10":[1,1],"11":[2,1,1],"12":[1,0],"13":[0,2],"14":[2,0,0,0,0,0,0],"15":[0,3],"16":[3,0],"17":[1,1],"18":[0,1],"19":[1,2,0,2],"20":[1,0],"21":[1,1],"22":[0,0],"23":[0,0],"24":[0,0],"25":[0,0],"26":[0,0],"27":[0,0],"28":[0,0]},"f":{"1":2,"2":2,"3":2,"4":2,"5":2,"6":2,"7":3,"8":3,"9":3,"10":1,"11":6,"12":0},"fnMap":{"1":{"name":"(anonymous_1)","line":26,"loc":{"start":{"line":26,"column":1},"end":{"line":26,"column":13}}},"2":{"name":"(anonymous_2)","line":33,"loc":{"start":{"line":33,"column":5},"end":{"line":33,"column":17}}},"3":{"name":"(anonymous_3)","line":37,"loc":{"start":{"line":37,"column":24},"end":{"line":37,"column":36}}},"4":{"name":"(anonymous_4)","line":69,"loc":{"start":{"line":69,"column":31},"end":{"line":69,"column":48}},"skip":true},"5":{"name":"(anonymous_5)","line":78,"loc":{"start":{"line":78,"column":26},"end":{"line":78,"column":45}},"skip":true},"6":{"name":"(anonymous_6)","line":123,"loc":{"start":{"line":123,"column":33},"end":{"line":123,"column":48}},"skip":true},"7":{"name":"(anonymous_7)","line":125,"loc":{"start":{"line":125,"column":27},"end":{"line":125,"column":39}},"skip":true},"8":{"name":"(anonymous_8)","line":133,"loc":{"start":{"line":133,"column":59},"end":{"line":133,"column":74}},"skip":true},"9":{"name":"(anonymous_9)","line":143,"loc":{"start":{"line":143,"column":45},"end":{"line":143,"column":62}},"skip":true},"10":{"name":"(anonymous_10)","line":144,"loc":{"start":{"line":144,"column":73},"end":{"line":144,"column":92}},"skip":true},"11":{"name":"(anonymous_11)","line":272,"loc":{"start":{"line":272,"column":51},"end":{"line":272,"column":77}},"skip":true},"12":{"name":"(anonymous_12)","line":315,"loc":{"start":{"line":315,"column":32},"end":{"line":315,"column":61}},"skip":true}},"statementMap":{"1":{"start":{"line":26,"column":0},"end":{"line":326,"column":5}},"2":{"start":{"line":28,"column":4},"end":{"line":28,"column":14}},"3":{"start":{"line":33,"column":4},"end":{"line":60,"column":9}},"4":{"start":{"line":35,"column":8},"end":{"line":35,"column":19}},"5":{"start":{"line":37,"column":8},"end":{"line":49,"column":13}},"6":{"start":{"line":38,"column":12},"end":{"line":48,"column":13}},"7":{"start":{"line":39,"column":16},"end":{"line":42,"column":30}},"8":{"start":{"line":44,"column":16},"end":{"line":47,"column":27}},"9":{"start":{"line":51,"column":8},"end":{"line":53,"column":21}},"10":{"start":{"line":55,"column":8},"end":{"line":57,"column":45}},"11":{"start":{"line":59,"column":8},"end":{"line":59,"column":35}},"12":{"start":{"line":61,"column":4},"end":{"line":325,"column":5}},"13":{"start":{"line":69,"column":8},"end":{"line":121,"column":10},"skip":true},"14":{"start":{"line":70,"column":12},"end":{"line":88,"column":13},"skip":true},"15":{"start":{"line":76,"column":16},"end":{"line":87,"column":19},"skip":true},"16":{"start":{"line":79,"column":20},"end":{"line":86,"column":21},"skip":true},"17":{"start":{"line":82,"column":24},"end":{"line":82,"column":43},"skip":true},"18":{"start":{"line":83,"column":24},"end":{"line":83,"column":30},"skip":true},"19":{"start":{"line":85,"column":24},"end":{"line":85,"column":49},"skip":true},"20":{"start":{"line":89,"column":12},"end":{"line":107,"column":13},"skip":true},"21":{"start":{"line":92,"column":16},"end":{"line":102,"column":17},"skip":true},"22":{"start":{"line":93,"column":20},"end":{"line":93,"column":86},"skip":true},"23":{"start":{"line":94,"column":20},"end":{"line":95,"column":45},"skip":true},"24":{"start":{"line":96,"column":20},"end":{"line":96,"column":42},"skip":true},"25":{"start":{"line":97,"column":20},"end":{"line":97,"column":48},"skip":true},"26":{"start":{"line":100,"column":20},"end":{"line":100,"column":85},"skip":true},"27":{"start":{"line":101,"column":20},"end":{"line":101,"column":96},"skip":true},"28":{"start":{"line":103,"column":16},"end":{"line":103,"column":22},"skip":true},"29":{"start":{"line":106,"column":16},"end":{"line":106,"column":22},"skip":true},"30":{"start":{"line":108,"column":12},"end":{"line":120,"column":13},"skip":true},"31":{"start":{"line":114,"column":16},"end":{"line":119,"column":17},"skip":true},"32":{"start":{"line":116,"column":20},"end":{"line":116,"column":78},"skip":true},"33":{"start":{"line":118,"column":20},"end":{"line":118,"column":47},"skip":true},"34":{"start":{"line":123,"column":8},"end":{"line":141,"column":11},"skip":true},"35":{"start":{"line":124,"column":12},"end":{"line":124,"column":54},"skip":true},"36":{"start":{"line":125,"column":12},"end":{"line":140,"column":14},"skip":true},"37":{"start":{"line":126,"column":16},"end":{"line":126,"column":28},"skip":true},"38":{"start":{"line":127,"column":16},"end":{"line":127,"column":69},"skip":true},"39":{"start":{"line":128,"column":16},"end":{"line":128,"column":75},"skip":true},"40":{"start":{"line":129,"column":16},"end":{"line":131,"column":17},"skip":true},"41":{"start":{"line":130,"column":20},"end":{"line":130,"column":27},"skip":true},"42":{"start":{"line":133,"column":16},"end":{"line":137,"column":36},"skip":true},"43":{"start":{"line":134,"column":20},"end":{"line":136,"column":55},"skip":true},"44":{"start":{"line":139,"column":16},"end":{"line":139,"column":57},"skip":true},"45":{"start":{"line":143,"column":8},"end":{"line":147,"column":11},"skip":true},"46":{"start":{"line":144,"column":12},"end":{"line":146,"column":15},"skip":true},"47":{"start":{"line":145,"column":16},"end":{"line":145,"column":70},"skip":true},"48":{"start":{"line":149,"column":8},"end":{"line":149,"column":31},"skip":true},"49":{"start":{"line":150,"column":8},"end":{"line":150,"column":14},"skip":true},"50":{"start":{"line":158,"column":8},"end":{"line":158,"column":31},"skip":true},"51":{"start":{"line":160,"column":8},"end":{"line":160,"column":33},"skip":true},"52":{"start":{"line":161,"column":8},"end":{"line":161,"column":37},"skip":true},"53":{"start":{"line":162,"column":8},"end":{"line":162,"column":35},"skip":true},"54":{"start":{"line":164,"column":8},"end":{"line":164,"column":50},"skip":true},"55":{"start":{"line":166,"column":8},"end":{"line":256,"column":2},"skip":true},"56":{"start":{"line":258,"column":8},"end":{"line":286,"column":9},"skip":true},"57":{"start":{"line":259,"column":12},"end":{"line":269,"column":14},"skip":true},"58":{"start":{"line":271,"column":12},"end":{"line":285,"column":19},"skip":true},"59":{"start":{"line":274,"column":20},"end":{"line":274,"column":35},"skip":true},"60":{"start":{"line":275,"column":20},"end":{"line":284,"column":21},"skip":true},"61":{"start":{"line":277,"column":24},"end":{"line":277,"column":64},"skip":true},"62":{"start":{"line":279,"column":24},"end":{"line":279,"column":40},"skip":true},"63":{"start":{"line":281,"column":24},"end":{"line":281,"column":40},"skip":true},"64":{"start":{"line":283,"column":24},"end":{"line":283,"column":39},"skip":true},"65":{"start":{"line":288,"column":8},"end":{"line":290,"column":9},"skip":true},"66":{"start":{"line":289,"column":12},"end":{"line":289,"column":18},"skip":true},"67":{"start":{"line":291,"column":8},"end":{"line":293,"column":54},"skip":true},"68":{"start":{"line":296,"column":8},"end":{"line":301,"column":37},"skip":true},"69":{"start":{"line":303,"column":8},"end":{"line":303,"column":82},"skip":true},"70":{"start":{"line":306,"column":8},"end":{"line":308,"column":9},"skip":true},"71":{"start":{"line":307,"column":12},"end":{"line":307,"column":82},"skip":true},"72":{"start":{"line":310,"column":8},"end":{"line":312,"column":9},"skip":true},"73":{"start":{"line":311,"column":12},"end":{"line":311,"column":18},"skip":true},"74":{"start":{"line":313,"column":8},"end":{"line":313,"column":54},"skip":true},"75":{"start":{"line":314,"column":8},"end":{"line":314,"column":69},"skip":true},"76":{"start":{"line":315,"column":8},"end":{"line":323,"column":36},"skip":true},"77":{"start":{"line":316,"column":12},"end":{"line":316,"column":61},"skip":true},"78":{"start":{"line":317,"column":12},"end":{"line":320,"column":13},"skip":true},"79":{"start":{"line":318,"column":16},"end":{"line":318,"column":75},"skip":true},"80":{"start":{"line":319,"column":16},"end":{"line":319,"column":23},"skip":true},"81":{"start":{"line":321,"column":12},"end":{"line":321,"column":38},"skip":true},"82":{"start":{"line":322,"column":12},"end":{"line":322,"column":27},"skip":true},"83":{"start":{"line":324,"column":8},"end":{"line":324,"column":14},"skip":true}},"branchMap":{"1":{"line":39,"type":"binary-expr","locations":[{"start":{"line":39,"column":23},"end":{"line":39,"column":62}},{"start":{"line":40,"column":20},"end":{"line":40,"column":70}},{"start":{"line":41,"column":20},"end":{"line":41,"column":71}},{"start":{"line":42,"column":20},"end":{"line":42,"column":29}}]},"2":{"line":44,"type":"binary-expr","locations":[{"start":{"line":44,"column":23},"end":{"line":44,"column":37}},{"start":{"line":45,"column":20},"end":{"line":45,"column":61}},{"start":{"line":46,"column":20},"end":{"line":46,"column":70}},{"start":{"line":47,"column":20},"end":{"line":47,"column":26}}]},"3":{"line":51,"type":"cond-expr","locations":[{"start":{"line":52,"column":14},"end":{"line":52,"column":20}},{"start":{"line":53,"column":14},"end":{"line":53,"column":20}}]},"4":{"line":55,"type":"binary-expr","locations":[{"start":{"line":55,"column":16},"end":{"line":55,"column":44}},{"start":{"line":55,"column":49},"end":{"line":57,"column":43}}]},"5":{"line":55,"type":"cond-expr","locations":[{"start":{"line":56,"column":14},"end":{"line":56,"column":54}},{"start":{"line":57,"column":14},"end":{"line":57,"column":43}}]},"6":{"line":61,"type":"switch","locations":[{"start":{"line":68,"column":4},"end":{"line":150,"column":14},"skip":true},{"start":{"line":156,"column":4},"end":{"line":324,"column":14},"skip":true}]},"7":{"line":70,"type":"if","locations":[{"start":{"line":70,"column":12},"end":{"line":70,"column":12},"skip":true},{"start":{"line":70,"column":12},"end":{"line":70,"column":12},"skip":true}]},"8":{"line":70,"type":"binary-expr","locations":[{"start":{"line":70,"column":16},"end":{"line":70,"column":22},"skip":true},{"start":{"line":70,"column":27},"end":{"line":70,"column":32},"skip":true},{"start":{"line":71,"column":20},"end":{"line":71,"column":39},"skip":true},{"start":{"line":72,"column":20},"end":{"line":72,"column":49},"skip":true},{"start":{"line":73,"column":20},"end":{"line":73,"column":58},"skip":true},{"start":{"line":74,"column":20},"end":{"line":74,"column":69},"skip":true}]},"9":{"line":79,"type":"switch","locations":[{"start":{"line":80,"column":20},"end":{"line":80,"column":33},"skip":true},{"start":{"line":81,"column":20},"end":{"line":83,"column":30},"skip":true},{"start":{"line":84,"column":20},"end":{"line":85,"column":49},"skip":true}]},"10":{"line":89,"type":"switch","locations":[{"start":{"line":90,"column":12},"end":{"line":103,"column":22},"skip":true},{"start":{"line":105,"column":12},"end":{"line":106,"column":22},"skip":true}]},"11":{"line":89,"type":"binary-expr","locations":[{"start":{"line":89,"column":20},"end":{"line":89,"column":25},"skip":true},{"start":{"line":89,"column":29},"end":{"line":89,"column":48},"skip":true},{"start":{"line":89,"column":52},"end":{"line":89,"column":74},"skip":true}]},"12":{"line":92,"type":"if","locations":[{"start":{"line":92,"column":16},"end":{"line":92,"column":16},"skip":true},{"start":{"line":92,"column":16},"end":{"line":92,"column":16},"skip":true}]},"13":{"line":108,"type":"if","locations":[{"start":{"line":108,"column":12},"end":{"line":108,"column":12},"skip":true},{"start":{"line":108,"column":12},"end":{"line":108,"column":12},"skip":true}]},"14":{"line":108,"type":"binary-expr","locations":[{"start":{"line":108,"column":16},"end":{"line":108,"column":61},"skip":true},{"start":{"line":108,"column":66},"end":{"line":108,"column":72},"skip":true},{"start":{"line":108,"column":77},"end":{"line":108,"column":82},"skip":true},{"start":{"line":109,"column":20},"end":{"line":109,"column":39},"skip":true},{"start":{"line":110,"column":20},"end":{"line":110,"column":49},"skip":true},{"start":{"line":111,"column":20},"end":{"line":111,"column":58},"skip":true},{"start":{"line":112,"column":20},"end":{"line":112,"column":68},"skip":true}]},"15":{"line":129,"type":"if","locations":[{"start":{"line":129,"column":16},"end":{"line":129,"column":16},"skip":true},{"start":{"line":129,"column":16},"end":{"line":129,"column":16},"skip":true}]},"16":{"line":134,"type":"cond-expr","locations":[{"start":{"line":135,"column":26},"end":{"line":135,"column":29},"skip":true},{"start":{"line":136,"column":26},"end":{"line":136,"column":54},"skip":true}]},"17":{"line":164,"type":"binary-expr","locations":[{"start":{"line":164,"column":27},"end":{"line":164,"column":43},"skip":true},{"start":{"line":164,"column":47},"end":{"line":164,"column":49},"skip":true}]},"18":{"line":258,"type":"if","locations":[{"start":{"line":258,"column":8},"end":{"line":258,"column":8},"skip":true},{"start":{"line":258,"column":8},"end":{"line":258,"column":8},"skip":true}]},"19":{"line":275,"type":"switch","locations":[{"start":{"line":276,"column":20},"end":{"line":277,"column":64},"skip":true},{"start":{"line":278,"column":20},"end":{"line":279,"column":40},"skip":true},{"start":{"line":280,"column":20},"end":{"line":281,"column":40},"skip":true},{"start":{"line":282,"column":20},"end":{"line":283,"column":39},"skip":true}]},"20":{"line":288,"type":"if","locations":[{"start":{"line":288,"column":8},"end":{"line":288,"column":8},"skip":true},{"start":{"line":288,"column":8},"end":{"line":288,"column":8},"skip":true}]},"21":{"line":288,"type":"binary-expr","locations":[{"start":{"line":288,"column":12},"end":{"line":288,"column":40},"skip":true},{"start":{"line":288,"column":44},"end":{"line":288,"column":67},"skip":true}]},"22":{"line":292,"type":"binary-expr","locations":[{"start":{"line":292,"column":12},"end":{"line":292,"column":50},"skip":true},{"start":{"line":293,"column":12},"end":{"line":293,"column":53},"skip":true}]},"23":{"line":297,"type":"binary-expr","locations":[{"start":{"line":297,"column":12},"end":{"line":297,"column":68},"skip":true},{"start":{"line":298,"column":12},"end":{"line":301,"column":36},"skip":true}]},"24":{"line":303,"type":"binary-expr","locations":[{"start":{"line":303,"column":43},"end":{"line":303,"column":75},"skip":true},{"start":{"line":303,"column":79},"end":{"line":303,"column":81},"skip":true}]},"25":{"line":306,"type":"if","locations":[{"start":{"line":306,"column":8},"end":{"line":306,"column":8},"skip":true},{"start":{"line":306,"column":8},"end":{"line":306,"column":8},"skip":true}]},"26":{"line":310,"type":"if","locations":[{"start":{"line":310,"column":8},"end":{"line":310,"column":8},"skip":true},{"start":{"line":310,"column":8},"end":{"line":310,"column":8},"skip":true}]},"27":{"line":313,"type":"binary-expr","locations":[{"start":{"line":313,"column":27},"end":{"line":313,"column":43},"skip":true},{"start":{"line":313,"column":47},"end":{"line":313,"column":53},"skip":true}]},"28":{"line":317,"type":"if","locations":[{"start":{"line":317,"column":12},"end":{"line":317,"column":12},"skip":true},{"start":{"line":317,"column":12},"end":{"line":317,"column":12},"skip":true}]}},"code":["/*","example.js","","quickstart example","","instruction","    1. save this script as example.js","    2. run the shell command:","        $ npm install npmtest-commitizen && PORT=8081 node example.js","    3. play with the browser-demo on http://127.0.0.1:8081","*/","","","","/* istanbul instrument in package npmtest_commitizen */","/*jslint","    bitwise: true,","    browser: true,","    maxerr: 8,","    maxlen: 96,","    node: true,","    nomen: true,","    regexp: true,","    stupid: true","*/","(function () {","    'use strict';","    var local;","","","","    // run shared js-env code - pre-init","    (function () {","        // init local","        local = {};","        // init modeJs","        local.modeJs = (function () {","            try {","                return typeof navigator.userAgent === 'string' &&","                    typeof document.querySelector('body') === 'object' &&","                    typeof XMLHttpRequest.prototype.open === 'function' &&","                    'browser';","            } catch (errorCaughtBrowser) {","                return module.exports &&","                    typeof process.versions.node === 'string' &&","                    typeof require('http').createServer === 'function' &&","                    'node';","            }","        }());","        // init global","        local.global = local.modeJs === 'browser'","            ? window","            : global;","        // init utility2_rollup","        local = local.global.utility2_rollup || (local.modeJs === 'browser'","            ? local.global.utility2_npmtest_commitizen","            : global.utility2_moduleExports);","        // export local","        local.global.local = local;","    }());","    switch (local.modeJs) {","","","","    // post-init","    // run browser js-env code - post-init","    /* istanbul ignore next */","    case 'browser':","        local.testRunBrowser = function (event) {","            if (!event || (event &&","                    event.currentTarget &&","                    event.currentTarget.className &&","                    event.currentTarget.className.includes &&","                    event.currentTarget.className.includes('onreset'))) {","                // reset output","                Array.from(","                    document.querySelectorAll('body > .resettable')","                ).forEach(function (element) {","                    switch (element.tagName) {","                    case 'INPUT':","                    case 'TEXTAREA':","                        element.value = '';","                        break;","                    default:","                        element.textContent = '';","                    }","                });","            }","            switch (event && event.currentTarget && event.currentTarget.id) {","            case 'testRunButton1':","                // show tests","                if (document.querySelector('#testReportDiv1').style.display === 'none') {","                    document.querySelector('#testReportDiv1').style.display = 'block';","                    document.querySelector('#testRunButton1').textContent =","                        'hide internal test';","                    local.modeTest = true;","                    local.testRunDefault(local);","                // hide tests","                } else {","                    document.querySelector('#testReportDiv1').style.display = 'none';","                    document.querySelector('#testRunButton1').textContent = 'run internal test';","                }","                break;","            // custom-case","            default:","                break;","            }","            if (document.querySelector('#inputTextareaEval1') && (!event || (event &&","                    event.currentTarget &&","                    event.currentTarget.className &&","                    event.currentTarget.className.includes &&","                    event.currentTarget.className.includes('oneval')))) {","                // try to eval input-code","                try {","                    /*jslint evil: true*/","                    eval(document.querySelector('#inputTextareaEval1').value);","                } catch (errorCaught) {","                    console.error(errorCaught);","                }","            }","        };","        // log stderr and stdout to #outputTextareaStdout1","        ['error', 'log'].forEach(function (key) {","            console[key + '_original'] = console[key];","            console[key] = function () {","                var element;","                console[key + '_original'].apply(console, arguments);","                element = document.querySelector('#outputTextareaStdout1');","                if (!element) {","                    return;","                }","                // append text to #outputTextareaStdout1","                element.value += Array.from(arguments).map(function (arg) {","                    return typeof arg === 'string'","                        ? arg","                        : JSON.stringify(arg, null, 4);","                }).join(' ') + '\\n';","                // scroll textarea to bottom","                element.scrollTop = element.scrollHeight;","            };","        });","        // init event-handling","        ['change', 'click', 'keyup'].forEach(function (event) {","            Array.from(document.querySelectorAll('.on' + event)).forEach(function (element) {","                element.addEventListener(event, local.testRunBrowser);","            });","        });","        // run tests","        local.testRunBrowser();","        break;","","","","    // run node js-env code - post-init","    /* istanbul ignore next */","    case 'node':","        // export local","        module.exports = local;","        // require modules","        local.fs = require('fs');","        local.http = require('http');","        local.url = require('url');","        // init assets","        local.assetsDict = local.assetsDict || {};","        /* jslint-ignore-begin */","        local.assetsDict['/assets.index.template.html'] = '\\","<!doctype html>\\n\\","<html lang=\"en\">\\n\\","<head>\\n\\","<meta charset=\"UTF-8\">\\n\\","<meta name=\"viewport\" content=\"width=device-width, initial-scale=1\">\\n\\","<title>{{env.npm_package_name}} (v{{env.npm_package_version}})</title>\\n\\","<style>\\n\\","/*csslint\\n\\","    box-sizing: false,\\n\\","    universal-selector: false\\n\\","*/\\n\\","* {\\n\\","    box-sizing: border-box;\\n\\","}\\n\\","body {\\n\\","    background: #dde;\\n\\","    font-family: Arial, Helvetica, sans-serif;\\n\\","    margin: 2rem;\\n\\","}\\n\\","body > * {\\n\\","    margin-bottom: 1rem;\\n\\","}\\n\\",".utility2FooterDiv {\\n\\","    margin-top: 20px;\\n\\","    text-align: center;\\n\\","}\\n\\","</style>\\n\\","<style>\\n\\","/*csslint\\n\\","*/\\n\\","textarea {\\n\\","    font-family: monospace;\\n\\","    height: 10rem;\\n\\","    width: 100%;\\n\\","}\\n\\","textarea[readonly] {\\n\\","    background: #ddd;\\n\\","}\\n\\","</style>\\n\\","</head>\\n\\","<body>\\n\\","<!-- utility2-comment\\n\\","<div id=\"ajaxProgressDiv1\" style=\"background: #d00; height: 2px; left: 0; margin: 0; padding: 0; position: fixed; top: 0; transition: background 0.5s, width 1.5s; width: 25%;\"></div>\\n\\","utility2-comment -->\\n\\","<h1>\\n\\","<!-- utility2-comment\\n\\","    <a\\n\\","        {{#if env.npm_package_homepage}}\\n\\","        href=\"{{env.npm_package_homepage}}\"\\n\\","        {{/if env.npm_package_homepage}}\\n\\","        target=\"_blank\"\\n\\","    >\\n\\","utility2-comment -->\\n\\","        {{env.npm_package_name}} (v{{env.npm_package_version}})\\n\\","<!-- utility2-comment\\n\\","    </a>\\n\\","utility2-comment -->\\n\\","</h1>\\n\\","<h3>{{env.npm_package_description}}</h3>\\n\\","<!-- utility2-comment\\n\\","<h4><a download href=\"assets.app.js\">download standalone app</a></h4>\\n\\","<button class=\"onclick onreset\" id=\"testRunButton1\">run internal test</button><br>\\n\\","<div id=\"testReportDiv1\" style=\"display: none;\"></div>\\n\\","utility2-comment -->\\n\\","\\n\\","\\n\\","\\n\\","<label>stderr and stdout</label>\\n\\","<textarea class=\"resettable\" id=\"outputTextareaStdout1\" readonly></textarea>\\n\\","<!-- utility2-comment\\n\\","{{#if isRollup}}\\n\\","<script src=\"assets.app.js\"></script>\\n\\","{{#unless isRollup}}\\n\\","utility2-comment -->\\n\\","<script src=\"assets.utility2.rollup.js\"></script>\\n\\","<script src=\"jsonp.utility2._stateInit?callback=window.utility2._stateInit\"></script>\\n\\","<script src=\"assets.npmtest_commitizen.rollup.js\"></script>\\n\\","<script src=\"assets.example.js\"></script>\\n\\","<script src=\"assets.test.js\"></script>\\n\\","<!-- utility2-comment\\n\\","{{/if isRollup}}\\n\\","utility2-comment -->\\n\\","<div class=\"utility2FooterDiv\">\\n\\","    [ this app was created with\\n\\","    <a href=\"https://github.com/kaizhu256/node-utility2\" target=\"_blank\">utility2</a>\\n\\","    ]\\n\\","</div>\\n\\","</body>\\n\\","</html>\\n\\","';","        /* jslint-ignore-end */","        if (local.templateRender) {","            local.assetsDict['/'] = local.templateRender(","                local.assetsDict['/assets.index.template.html'],","                {","                    env: local.objectSetDefault(local.env, {","                        npm_package_description: 'the greatest app in the world!',","                        npm_package_name: 'my-app',","                        npm_package_nameAlias: 'my_app',","                        npm_package_version: '0.0.1'","                    })","                }","            );","        } else {","            local.assetsDict['/'] = local.assetsDict['/assets.index.template.html']","                .replace((/\\{\\{env\\.(\\w+?)\\}\\}/g), function (match0, match1) {","                    // jslint-hack","                    String(match0);","                    switch (match1) {","                    case 'npm_package_description':","                        return 'the greatest app in the world!';","                    case 'npm_package_name':","                        return 'my-app';","                    case 'npm_package_nameAlias':","                        return 'my_app';","                    case 'npm_package_version':","                        return '0.0.1';","                    }","                });","        }","        // run the cli","        if (local.global.utility2_rollup || module !== require.main) {","            break;","        }","        local.assetsDict['/assets.example.js'] =","            local.assetsDict['/assets.example.js'] ||","            local.fs.readFileSync(__filename, 'utf8');","        // bug-workaround - long $npm_package_buildCustomOrg","        /* jslint-ignore-begin */","        local.assetsDict['/assets.npmtest_commitizen.rollup.js'] =","            local.assetsDict['/assets.npmtest_commitizen.rollup.js'] ||","            local.fs.readFileSync(","                local.npmtest_commitizen.__dirname + '/lib.npmtest_commitizen.js',","                'utf8'","            ).replace((/^#!/), '//');","        /* jslint-ignore-end */","        local.assetsDict['/favicon.ico'] = local.assetsDict['/favicon.ico'] || '';","        // if $npm_config_timeout_exit exists,","        // then exit this process after $npm_config_timeout_exit ms","        if (Number(process.env.npm_config_timeout_exit)) {","            setTimeout(process.exit, Number(process.env.npm_config_timeout_exit));","        }","        // start server","        if (local.global.utility2_serverHttp1) {","            break;","        }","        process.env.PORT = process.env.PORT || '8081';","        console.error('server starting on port ' + process.env.PORT);","        local.http.createServer(function (request, response) {","            request.urlParsed = local.url.parse(request.url);","            if (local.assetsDict[request.urlParsed.pathname] !== undefined) {","                response.end(local.assetsDict[request.urlParsed.pathname]);","                return;","            }","            response.statusCode = 404;","            response.end();","        }).listen(process.env.PORT);","        break;","    }","}());",""],"l":{"26":2,"28":2,"33":2,"35":2,"37":2,"38":2,"39":2,"44":1,"51":2,"55":2,"59":2,"61":2,"69":1,"70":2,"76":2,"79":2,"82":2,"83":2,"85":1,"89":2,"92":1,"93":1,"94":1,"96":1,"97":1,"100":1,"101":1,"103":1,"106":1,"108":2,"114":1,"116":1,"118":1,"123":1,"124":2,"125":2,"126":3,"127":3,"128":3,"129":3,"130":1,"133":3,"134":3,"139":3,"143":1,"144":3,"145":1,"149":1,"150":1,"158":1,"160":1,"161":1,"162":1,"164":1,"166":1,"258":1,"259":1,"271":1,"274":6,"275":6,"277":1,"279":2,"281":1,"283":2,"288":1,"289":1,"291":1,"296":1,"303":1,"306":1,"307":1,"310":1,"311":1,"313":1,"314":1,"315":1,"316":1,"317":1,"318":1,"319":1,"321":1,"322":1,"324":1}},"/home/travis/build/npmtest/node-npmtest-commitizen/node_modules/commitizen/dist/index.js":{"path":"/home/travis/build/npmtest/node-npmtest-commitizen/node_modules/commitizen/dist/index.js","s":{"1":1,"2":1},"b":{},"f":{},"fnMap":{},"statementMap":{"1":{"start":{"line":3,"column":0},"end":{"line":3,"column":41}},"2":{"start":{"line":4,"column":0},"end":{"line":4,"column":28}}},"branchMap":{},"code":["'use strict';","","var commitizen = require('./commitizen');","module.exports = commitizen;"],"l":{"3":1,"4":1}},"/home/travis/build/npmtest/node-npmtest-commitizen/node_modules/commitizen/dist/commitizen.js":{"path":"/home/travis/build/npmtest/node-npmtest-commitizen/node_modules/commitizen/dist/commitizen.js","s":{"1":1,"2":1,"3":1,"4":1,"5":1,"6":1,"7":1,"8":1,"9":1,"10":1,"11":1,"12":1,"13":1,"14":1,"15":1,"16":2,"17":1,"18":4,"19":4,"20":0,"21":0,"22":0,"23":0,"24":0,"25":0,"26":0,"27":1,"28":1,"29":1,"30":1,"31":1,"32":1},"b":{"1":[2,0],"2":[2,2],"3":[4,0],"4":[4,4],"5":[0,0],"6":[0,0]},"f":{"1":2,"2":4},"fnMap":{"1":{"name":"_interopRequireDefault","line":32,"loc":{"start":{"line":32,"column":0},"end":{"line":32,"column":37}}},"2":{"name":"_interopRequireWildcard","line":34,"loc":{"start":{"line":34,"column":0},"end":{"line":34,"column":38}}}},"statementMap":{"1":{"start":{"line":3,"column":0},"end":{"line":5,"column":3}},"2":{"start":{"line":6,"column":0},"end":{"line":6,"column":117}},"3":{"start":{"line":8,"column":0},"end":{"line":8,"column":47}},"4":{"start":{"line":10,"column":0},"end":{"line":10,"column":48}},"5":{"start":{"line":12,"column":0},"end":{"line":12,"column":43}},"6":{"start":{"line":14,"column":0},"end":{"line":14,"column":44}},"7":{"start":{"line":16,"column":0},"end":{"line":16,"column":45}},"8":{"start":{"line":18,"column":0},"end":{"line":18,"column":47}},"9":{"start":{"line":20,"column":0},"end":{"line":20,"column":57}},"10":{"start":{"line":22,"column":0},"end":{"line":22,"column":58}},"11":{"start":{"line":24,"column":0},"end":{"line":24,"column":41}},"12":{"start":{"line":26,"column":0},"end":{"line":26,"column":43}},"13":{"start":{"line":28,"column":0},"end":{"line":28,"column":47}},"14":{"start":{"line":30,"column":0},"end":{"line":30,"column":48}},"15":{"start":{"line":32,"column":0},"end":{"line":32,"column":95}},"16":{"start":{"line":32,"column":39},"end":{"line":32,"column":93}},"17":{"start":{"line":34,"column":0},"end":{"line":34,"column":269}},"18":{"start":{"line":34,"column":40},"end":{"line":34,"column":267}},"19":{"start":{"line":34,"column":69},"end":{"line":34,"column":80}},"20":{"start":{"line":34,"column":90},"end":{"line":34,"column":106}},"21":{"start":{"line":34,"column":107},"end":{"line":34,"column":228}},"22":{"start":{"line":34,"column":126},"end":{"line":34,"column":226}},"23":{"start":{"line":34,"column":149},"end":{"line":34,"column":224}},"24":{"start":{"line":34,"column":201},"end":{"line":34,"column":224}},"25":{"start":{"line":34,"column":229},"end":{"line":34,"column":250}},"26":{"start":{"line":34,"column":251},"end":{"line":34,"column":265}},"27":{"start":{"line":36,"column":0},"end":{"line":36,"column":26}},"28":{"start":{"line":37,"column":0},"end":{"line":37,"column":22}},"29":{"start":{"line":38,"column":0},"end":{"line":38,"column":34}},"30":{"start":{"line":39,"column":0},"end":{"line":39,"column":36}},"31":{"start":{"line":40,"column":0},"end":{"line":40,"column":30}},"32":{"start":{"line":41,"column":0},"end":{"line":41,"column":26}}},"branchMap":{"1":{"line":32,"type":"cond-expr","locations":[{"start":{"line":32,"column":70},"end":{"line":32,"column":73}},{"start":{"line":32,"column":76},"end":{"line":32,"column":92}}]},"2":{"line":32,"type":"binary-expr","locations":[{"start":{"line":32,"column":46},"end":{"line":32,"column":49}},{"start":{"line":32,"column":53},"end":{"line":32,"column":67}}]},"3":{"line":34,"type":"if","locations":[{"start":{"line":34,"column":40},"end":{"line":34,"column":40}},{"start":{"line":34,"column":40},"end":{"line":34,"column":40}}]},"4":{"line":34,"type":"binary-expr","locations":[{"start":{"line":34,"column":44},"end":{"line":34,"column":47}},{"start":{"line":34,"column":51},"end":{"line":34,"column":65}}]},"5":{"line":34,"type":"if","locations":[{"start":{"line":34,"column":107},"end":{"line":34,"column":107}},{"start":{"line":34,"column":107},"end":{"line":34,"column":107}}]},"6":{"line":34,"type":"if","locations":[{"start":{"line":34,"column":149},"end":{"line":34,"column":149}},{"start":{"line":34,"column":149},"end":{"line":34,"column":149}}]}},"code":["'use strict';","","Object.defineProperty(exports, \"__esModule\", {","  value: true","});","exports.staging = exports.init = exports.configLoader = exports.commit = exports.cache = exports.adapter = undefined;","","var _adapter = require('./commitizen/adapter');","","var adapter = _interopRequireWildcard(_adapter);","","var _cache = require('./commitizen/cache');","","var cache = _interopRequireWildcard(_cache);","","var _commit = require('./commitizen/commit');","","var _commit2 = _interopRequireDefault(_commit);","","var _configLoader = require('./commitizen/configLoader');","","var configLoader = _interopRequireWildcard(_configLoader);","","var _init = require('./commitizen/init');","","var _init2 = _interopRequireDefault(_init);","","var _staging = require('./commitizen/staging');","","var staging = _interopRequireWildcard(_staging);","","function _interopRequireDefault(obj) { return obj && obj.__esModule ? obj : { default: obj }; }","","function _interopRequireWildcard(obj) { if (obj && obj.__esModule) { return obj; } else { var newObj = {}; if (obj != null) { for (var key in obj) { if (Object.prototype.hasOwnProperty.call(obj, key)) newObj[key] = obj[key]; } } newObj.default = obj; return newObj; } }","","exports.adapter = adapter;","exports.cache = cache;","exports.commit = _commit2.default;","exports.configLoader = configLoader;","exports.init = _init2.default;","exports.staging = staging;"],"l":{"3":1,"6":1,"8":1,"10":1,"12":1,"14":1,"16":1,"18":1,"20":1,"22":1,"24":1,"26":1,"28":1,"30":1,"32":2,"34":4,"36":1,"37":1,"38":1,"39":1,"40":1,"41":1}},"/home/travis/build/npmtest/node-npmtest-commitizen/node_modules/commitizen/dist/commitizen/adapter.js":{"path":"/home/travis/build/npmtest/node-npmtest-commitizen/node_modules/commitizen/dist/commitizen/adapter.js","s":{"1":1,"2":1,"3":1,"4":1,"5":0,"6":0,"7":0,"8":0,"9":0,"10":0,"11":0,"12":0,"13":0,"14":0,"15":0,"16":0,"17":0,"18":0,"19":0,"20":0,"21":0,"22":1,"23":0,"24":0,"25":0,"26":0,"27":0,"28":1,"29":1,"30":1,"31":1,"32":1,"33":1,"34":1,"35":1,"36":1,"37":1,"38":1,"39":1,"40":1,"41":1,"42":6,"43":1,"44":1,"45":1,"46":1,"47":1,"48":1,"49":1,"50":1,"51":0,"52":0,"53":0,"54":0,"55":0,"56":0,"57":0,"58":0,"59":0,"60":1,"61":0,"62":0,"63":0,"64":0,"65":0,"66":0,"67":0,"68":0,"69":0,"70":0,"71":0,"72":0,"73":0,"74":0,"75":0,"76":0,"77":0,"78":1,"79":0,"80":0,"81":0,"82":0,"83":1,"84":0,"85":1,"86":0,"87":1,"88":0,"89":0,"90":0,"91":0,"92":0,"93":0,"94":0,"95":1,"96":0,"97":0,"98":0,"99":0,"100":0,"101":0,"102":0,"103":1,"104":0},"b":{"1":[0,0],"2":[0,0],"3":[0,0],"4":[0,0],"5":[0,0],"6":[0,0],"7":[0,0],"8":[0,6],"9":[6,6],"10":[0,0],"11":[0,0],"12":[0,0],"13":[0,0],"14":[0,0],"15":[0,0],"16":[0,0],"17":[0,0],"18":[0,0],"19":[0,0],"20":[0,0],"21":[0,0],"22":[0,0],"23":[0,0],"24":[0,0,0],"25":[0,0],"26":[0,0,0,0],"27":[0,0],"28":[0,0]},"f":{"1":1,"2":0,"3":0,"4":6,"5":0,"6":0,"7":0,"8":0,"9":0,"10":0,"11":0,"12":0},"fnMap":{"1":{"name":"(anonymous_1)","line":8,"loc":{"start":{"line":8,"column":21},"end":{"line":8,"column":33}}},"2":{"name":"sliceIterator","line":8,"loc":{"start":{"line":8,"column":35},"end":{"line":8,"column":66}}},"3":{"name":"(anonymous_3)","line":8,"loc":{"start":{"line":8,"column":436},"end":{"line":8,"column":454}}},"4":{"name":"_interopRequireDefault","line":36,"loc":{"start":{"line":36,"column":0},"end":{"line":36,"column":37}}},"5":{"name":"addPathToAdapterConfig","line":60,"loc":{"start":{"line":60,"column":0},"end":{"line":60,"column":71}}},"6":{"name":"generateNpmInstallAdapterCommand","line":85,"loc":{"start":{"line":85,"column":0},"end":{"line":85,"column":74}}},"7":{"name":"getNearestNodeModulesDirectory","line":126,"loc":{"start":{"line":126,"column":0},"end":{"line":126,"column":49}}},"8":{"name":"getNearestProjectRootDirectory","line":144,"loc":{"start":{"line":144,"column":0},"end":{"line":144,"column":49}}},"9":{"name":"getNpmInstallStringMappings","line":151,"loc":{"start":{"line":151,"column":0},"end":{"line":151,"column":70}}},"10":{"name":"getPrompter","line":158,"loc":{"start":{"line":158,"column":0},"end":{"line":158,"column":34}}},"11":{"name":"resolveAdapterPath","line":179,"loc":{"start":{"line":179,"column":0},"end":{"line":179,"column":48}}},"12":{"name":"getGitRootPath","line":196,"loc":{"start":{"line":196,"column":0},"end":{"line":196,"column":26}}}},"statementMap":{"1":{"start":{"line":3,"column":0},"end":{"line":5,"column":3}},"2":{"start":{"line":6,"column":0},"end":{"line":6,"column":257}},"3":{"start":{"line":8,"column":0},"end":{"line":8,"column":664}},"4":{"start":{"line":8,"column":35},"end":{"line":8,"column":428}},"5":{"start":{"line":8,"column":68},"end":{"line":8,"column":82}},"6":{"start":{"line":8,"column":83},"end":{"line":8,"column":97}},"7":{"start":{"line":8,"column":98},"end":{"line":8,"column":113}},"8":{"start":{"line":8,"column":114},"end":{"line":8,"column":133}},"9":{"start":{"line":8,"column":134},"end":{"line":8,"column":413}},"10":{"start":{"line":8,"column":140},"end":{"line":8,"column":283}},"11":{"start":{"line":8,"column":226},"end":{"line":8,"column":246}},"12":{"start":{"line":8,"column":247},"end":{"line":8,"column":281}},"13":{"start":{"line":8,"column":275},"end":{"line":8,"column":281}},"14":{"start":{"line":8,"column":300},"end":{"line":8,"column":310}},"15":{"start":{"line":8,"column":311},"end":{"line":8,"column":320}},"16":{"start":{"line":8,"column":333},"end":{"line":8,"column":411}},"17":{"start":{"line":8,"column":339},"end":{"line":8,"column":379}},"18":{"start":{"line":8,"column":364},"end":{"line":8,"column":379}},"19":{"start":{"line":8,"column":392},"end":{"line":8,"column":409}},"20":{"start":{"line":8,"column":400},"end":{"line":8,"column":409}},"21":{"start":{"line":8,"column":414},"end":{"line":8,"column":426}},"22":{"start":{"line":8,"column":429},"end":{"line":8,"column":659}},"23":{"start":{"line":8,"column":456},"end":{"line":8,"column":656}},"24":{"start":{"line":8,"column":482},"end":{"line":8,"column":493}},"25":{"start":{"line":8,"column":501},"end":{"line":8,"column":656}},"26":{"start":{"line":8,"column":539},"end":{"line":8,"column":568}},"27":{"start":{"line":8,"column":578},"end":{"line":8,"column":654}},"28":{"start":{"line":10,"column":0},"end":{"line":10,"column":28}},"29":{"start":{"line":12,"column":0},"end":{"line":12,"column":43}},"30":{"start":{"line":14,"column":0},"end":{"line":14,"column":24}},"31":{"start":{"line":16,"column":0},"end":{"line":16,"column":39}},"32":{"start":{"line":18,"column":0},"end":{"line":18,"column":52}},"33":{"start":{"line":20,"column":0},"end":{"line":20,"column":65}},"34":{"start":{"line":22,"column":0},"end":{"line":22,"column":32}},"35":{"start":{"line":24,"column":0},"end":{"line":24,"column":47}},"36":{"start":{"line":26,"column":0},"end":{"line":26,"column":45}},"37":{"start":{"line":28,"column":0},"end":{"line":28,"column":59}},"38":{"start":{"line":30,"column":0},"end":{"line":30,"column":34}},"39":{"start":{"line":32,"column":0},"end":{"line":32,"column":49}},"40":{"start":{"line":34,"column":0},"end":{"line":34,"column":38}},"41":{"start":{"line":36,"column":0},"end":{"line":36,"column":95}},"42":{"start":{"line":36,"column":39},"end":{"line":36,"column":93}},"43":{"start":{"line":38,"column":0},"end":{"line":38,"column":56}},"44":{"start":{"line":39,"column":0},"end":{"line":39,"column":72}},"45":{"start":{"line":40,"column":0},"end":{"line":40,"column":72}},"46":{"start":{"line":41,"column":0},"end":{"line":41,"column":66}},"47":{"start":{"line":42,"column":0},"end":{"line":42,"column":34}},"48":{"start":{"line":43,"column":0},"end":{"line":43,"column":76}},"49":{"start":{"line":44,"column":0},"end":{"line":44,"column":48}},"50":{"start":{"line":60,"column":0},"end":{"line":80,"column":1}},"51":{"start":{"line":62,"column":2},"end":{"line":68,"column":4}},"52":{"start":{"line":70,"column":2},"end":{"line":70,"column":94}},"53":{"start":{"line":71,"column":2},"end":{"line":71,"column":78}},"54":{"start":{"line":73,"column":2},"end":{"line":73,"column":77}},"55":{"start":{"line":74,"column":2},"end":{"line":74,"column":57}},"56":{"start":{"line":75,"column":2},"end":{"line":75,"column":33}},"57":{"start":{"line":76,"column":2},"end":{"line":78,"column":3}},"58":{"start":{"line":77,"column":4},"end":{"line":77,"column":96}},"59":{"start":{"line":79,"column":2},"end":{"line":79,"column":106}},"60":{"start":{"line":85,"column":0},"end":{"line":121,"column":1}},"61":{"start":{"line":88,"column":2},"end":{"line":88,"column":62}},"62":{"start":{"line":91,"column":2},"end":{"line":91,"column":39}},"63":{"start":{"line":92,"column":2},"end":{"line":92,"column":32}},"64":{"start":{"line":93,"column":2},"end":{"line":93,"column":33}},"65":{"start":{"line":95,"column":2},"end":{"line":118,"column":3}},"66":{"start":{"line":96,"column":4},"end":{"line":104,"column":5}},"67":{"start":{"line":97,"column":6},"end":{"line":99,"column":33}},"68":{"start":{"line":101,"column":6},"end":{"line":103,"column":7}},"69":{"start":{"line":102,"column":8},"end":{"line":102,"column":68}},"70":{"start":{"line":106,"column":4},"end":{"line":106,"column":29}},"71":{"start":{"line":107,"column":4},"end":{"line":107,"column":25}},"72":{"start":{"line":109,"column":4},"end":{"line":117,"column":5}},"73":{"start":{"line":110,"column":6},"end":{"line":112,"column":7}},"74":{"start":{"line":111,"column":8},"end":{"line":111,"column":27}},"75":{"start":{"line":114,"column":6},"end":{"line":116,"column":7}},"76":{"start":{"line":115,"column":8},"end":{"line":115,"column":29}},"77":{"start":{"line":120,"column":2},"end":{"line":120,"column":31}},"78":{"start":{"line":126,"column":0},"end":{"line":139,"column":1}},"79":{"start":{"line":129,"column":2},"end":{"line":129,"column":71}},"80":{"start":{"line":134,"column":2},"end":{"line":138,"column":3}},"81":{"start":{"line":135,"column":4},"end":{"line":135,"column":37}},"82":{"start":{"line":137,"column":4},"end":{"line":137,"column":136},"skip":true},"83":{"start":{"line":144,"column":0},"end":{"line":146,"column":1}},"84":{"start":{"line":145,"column":2},"end":{"line":145,"column":93}},"85":{"start":{"line":151,"column":0},"end":{"line":153,"column":1}},"86":{"start":{"line":152,"column":2},"end":{"line":152,"column":224}},"87":{"start":{"line":158,"column":0},"end":{"line":173,"column":1}},"88":{"start":{"line":160,"column":2},"end":{"line":160,"column":60}},"89":{"start":{"line":163,"column":2},"end":{"line":163,"column":45}},"90":{"start":{"line":166,"column":2},"end":{"line":172,"column":3},"skip":true},"91":{"start":{"line":167,"column":4},"end":{"line":167,"column":28},"skip":true},"92":{"start":{"line":168,"column":9},"end":{"line":172,"column":3},"skip":true},"93":{"start":{"line":169,"column":4},"end":{"line":169,"column":36},"skip":true},"94":{"start":{"line":171,"column":4},"end":{"line":171,"column":90},"skip":true},"95":{"start":{"line":179,"column":0},"end":{"line":194,"column":1}},"96":{"start":{"line":181,"column":2},"end":{"line":181,"column":56}},"97":{"start":{"line":182,"column":2},"end":{"line":182,"column":69}},"98":{"start":{"line":185,"column":2},"end":{"line":185,"column":119}},"99":{"start":{"line":187,"column":2},"end":{"line":193,"column":3}},"100":{"start":{"line":189,"column":4},"end":{"line":189,"column":48}},"101":{"start":{"line":191,"column":4},"end":{"line":191,"column":86}},"102":{"start":{"line":192,"column":4},"end":{"line":192,"column":16}},"103":{"start":{"line":196,"column":0},"end":{"line":198,"column":1}},"104":{"start":{"line":197,"column":2},"end":{"line":197,"column":79}}},"branchMap":{"1":{"line":8,"type":"if","locations":[{"start":{"line":8,"column":247},"end":{"line":8,"column":247}},{"start":{"line":8,"column":247},"end":{"line":8,"column":247}}]},"2":{"line":8,"type":"binary-expr","locations":[{"start":{"line":8,"column":251},"end":{"line":8,"column":252}},{"start":{"line":8,"column":256},"end":{"line":8,"column":273}}]},"3":{"line":8,"type":"if","locations":[{"start":{"line":8,"column":339},"end":{"line":8,"column":339}},{"start":{"line":8,"column":339},"end":{"line":8,"column":339}}]},"4":{"line":8,"type":"binary-expr","locations":[{"start":{"line":8,"column":343},"end":{"line":8,"column":346}},{"start":{"line":8,"column":350},"end":{"line":8,"column":362}}]},"5":{"line":8,"type":"if","locations":[{"start":{"line":8,"column":392},"end":{"line":8,"column":392}},{"start":{"line":8,"column":392},"end":{"line":8,"column":392}}]},"6":{"line":8,"type":"if","locations":[{"start":{"line":8,"column":456},"end":{"line":8,"column":456}},{"start":{"line":8,"column":456},"end":{"line":8,"column":456}}]},"7":{"line":8,"type":"if","locations":[{"start":{"line":8,"column":501},"end":{"line":8,"column":501}},{"start":{"line":8,"column":501},"end":{"line":8,"column":501}}]},"8":{"line":36,"type":"cond-expr","locations":[{"start":{"line":36,"column":70},"end":{"line":36,"column":73}},{"start":{"line":36,"column":76},"end":{"line":36,"column":92}}]},"9":{"line":36,"type":"binary-expr","locations":[{"start":{"line":36,"column":46},"end":{"line":36,"column":49}},{"start":{"line":36,"column":53},"end":{"line":36,"column":67}}]},"10":{"line":73,"type":"binary-expr","locations":[{"start":{"line":73,"column":15},"end":{"line":73,"column":68}},{"start":{"line":73,"column":72},"end":{"line":73,"column":76}}]},"11":{"line":76,"type":"if","locations":[{"start":{"line":76,"column":2},"end":{"line":76,"column":2}},{"start":{"line":76,"column":2},"end":{"line":76,"column":2}}]},"12":{"line":101,"type":"if","locations":[{"start":{"line":101,"column":6},"end":{"line":101,"column":6}},{"start":{"line":101,"column":6},"end":{"line":101,"column":6}}]},"13":{"line":110,"type":"if","locations":[{"start":{"line":110,"column":6},"end":{"line":110,"column":6}},{"start":{"line":110,"column":6},"end":{"line":110,"column":6}}]},"14":{"line":110,"type":"binary-expr","locations":[{"start":{"line":110,"column":10},"end":{"line":110,"column":36}},{"start":{"line":110,"column":40},"end":{"line":110,"column":56}}]},"15":{"line":114,"type":"if","locations":[{"start":{"line":114,"column":6},"end":{"line":114,"column":6}},{"start":{"line":114,"column":6},"end":{"line":114,"column":6}}]},"16":{"line":134,"type":"if","locations":[{"start":{"line":134,"column":2},"end":{"line":134,"column":2}},{"start":{"line":134,"column":2},"end":{"line":134,"column":2},"skip":true}]},"17":{"line":134,"type":"binary-expr","locations":[{"start":{"line":134,"column":6},"end":{"line":134,"column":28}},{"start":{"line":134,"column":32},"end":{"line":134,"column":65}}]},"18":{"line":152,"type":"cond-expr","locations":[{"start":{"line":152,"column":50},"end":{"line":152,"column":58}},{"start":{"line":152,"column":61},"end":{"line":152,"column":70}}]},"19":{"line":152,"type":"binary-expr","locations":[{"start":{"line":152,"column":31},"end":{"line":152,"column":35}},{"start":{"line":152,"column":39},"end":{"line":152,"column":47}}]},"20":{"line":152,"type":"cond-expr","locations":[{"start":{"line":152,"column":97},"end":{"line":152,"column":109}},{"start":{"line":152,"column":112},"end":{"line":152,"column":121}}]},"21":{"line":152,"type":"cond-expr","locations":[{"start":{"line":152,"column":152},"end":{"line":152,"column":166}},{"start":{"line":152,"column":169},"end":{"line":152,"column":178}}]},"22":{"line":152,"type":"cond-expr","locations":[{"start":{"line":152,"column":201},"end":{"line":152,"column":210}},{"start":{"line":152,"column":213},"end":{"line":152,"column":222}}]},"23":{"line":166,"type":"if","locations":[{"start":{"line":166,"column":2},"end":{"line":166,"column":2},"skip":true},{"start":{"line":166,"column":2},"end":{"line":166,"column":2},"skip":true}]},"24":{"line":166,"type":"binary-expr","locations":[{"start":{"line":166,"column":6},"end":{"line":166,"column":13},"skip":true},{"start":{"line":166,"column":17},"end":{"line":166,"column":33},"skip":true},{"start":{"line":166,"column":37},"end":{"line":166,"column":76},"skip":true}]},"25":{"line":168,"type":"if","locations":[{"start":{"line":168,"column":9},"end":{"line":168,"column":9},"skip":true},{"start":{"line":168,"column":9},"end":{"line":168,"column":9},"skip":true}]},"26":{"line":168,"type":"binary-expr","locations":[{"start":{"line":168,"column":13},"end":{"line":168,"column":20},"skip":true},{"start":{"line":168,"column":24},"end":{"line":168,"column":39},"skip":true},{"start":{"line":168,"column":43},"end":{"line":168,"column":67},"skip":true},{"start":{"line":168,"column":71},"end":{"line":168,"column":118},"skip":true}]},"27":{"line":182,"type":"binary-expr","locations":[{"start":{"line":182,"column":15},"end":{"line":182,"column":36}},{"start":{"line":182,"column":40},"end":{"line":182,"column":68}}]},"28":{"line":185,"type":"cond-expr","locations":[{"start":{"line":185,"column":37},"end":{"line":185,"column":97}},{"start":{"line":185,"column":100},"end":{"line":185,"column":118}}]}},"code":["'use strict';","","Object.defineProperty(exports, \"__esModule\", {","  value: true","});","exports.resolveAdapterPath = exports.generateNpmInstallAdapterCommand = exports.getPrompter = exports.getNpmInstallStringMappings = exports.getNearestProjectRootDirectory = exports.getNearestNodeModulesDirectory = exports.addPathToAdapterConfig = undefined;","","var _slicedToArray = function () { function sliceIterator(arr, i) { var _arr = []; var _n = true; var _d = false; var _e = undefined; try { for (var _i = arr[Symbol.iterator](), _s; !(_n = (_s = _i.next()).done); _n = true) { _arr.push(_s.value); if (i && _arr.length === i) break; } } catch (err) { _d = true; _e = err; } finally { try { if (!_n && _i[\"return\"]) _i[\"return\"](); } finally { if (_d) throw _e; } } return _arr; } return function (arr, i) { if (Array.isArray(arr)) { return arr; } else if (Symbol.iterator in Object(arr)) { return sliceIterator(arr, i); } else { throw new TypeError(\"Invalid attempt to destructure non-iterable instance\"); } }; }();","","var _path = require('path');","","var _path2 = _interopRequireDefault(_path);","","var _fs = require('fs');","","var _fs2 = _interopRequireDefault(_fs);","","var _findNodeModules = require('find-node-modules');","","var _findNodeModules2 = _interopRequireDefault(_findNodeModules);","","var _lodash = require('lodash');","","var _lodash2 = _interopRequireDefault(_lodash);","","var _detectIndent = require('detect-indent');","","var _detectIndent2 = _interopRequireDefault(_detectIndent);","","var _shelljs = require('shelljs');","","var _shelljs2 = _interopRequireDefault(_shelljs);","","var _util = require('../common/util');","","function _interopRequireDefault(obj) { return obj && obj.__esModule ? obj : { default: obj }; }","","exports.addPathToAdapterConfig = addPathToAdapterConfig;","exports.getNearestNodeModulesDirectory = getNearestNodeModulesDirectory;","exports.getNearestProjectRootDirectory = getNearestProjectRootDirectory;","exports.getNpmInstallStringMappings = getNpmInstallStringMappings;","exports.getPrompter = getPrompter;","exports.generateNpmInstallAdapterCommand = generateNpmInstallAdapterCommand;","exports.resolveAdapterPath = resolveAdapterPath;","","/**"," * ADAPTER"," *"," * Adapter is generally responsible for actually installing adapters to an"," * end user's project. It does not perform checks to determine if there is"," * a previous commitizen adapter installed or if the proper fields were"," * provided. It defers that responsibility to init."," */","","/**"," * Modifies the package.json, sets config.commitizen.path to the path of the adapter"," * Must be passed an absolute path to the cli's root"," */","","function addPathToAdapterConfig(sh, cliPath, repoPath, adapterNpmName) {","","  var commitizenAdapterConfig = {","    config: {","      commitizen: {","        path: './node_modules/' + adapterNpmName","      }","    }","  };","","  var packageJsonPath = _path2.default.join(getNearestProjectRootDirectory(), 'package.json');","  var packageJsonString = _fs2.default.readFileSync(packageJsonPath, 'utf-8');","  // tries to detect the indentation and falls back to a default if it can't","  var indent = (0, _detectIndent2.default)(packageJsonString).indent || '  ';","  var packageJsonContent = JSON.parse(packageJsonString);","  var newPackageJsonContent = '';","  if (_lodash2.default.get(packageJsonContent, 'config.commitizen.path') !== adapterNpmName) {","    newPackageJsonContent = _lodash2.default.merge(packageJsonContent, commitizenAdapterConfig);","  }","  _fs2.default.writeFileSync(packageJsonPath, JSON.stringify(newPackageJsonContent, null, indent) + '\\n');","}","","/**"," * Generates an npm install command given a map of strings and a package name"," */","function generateNpmInstallAdapterCommand(stringMappings, adapterNpmName) {","","  // Start with an initial npm install command","  var installAdapterCommand = 'npm install ' + adapterNpmName;","","  // Append the neccesary arguments to it based on user preferences","  var _iteratorNormalCompletion = true;","  var _didIteratorError = false;","  var _iteratorError = undefined;","","  try {","    for (var _iterator = stringMappings.entries()[Symbol.iterator](), _step; !(_iteratorNormalCompletion = (_step = _iterator.next()).done); _iteratorNormalCompletion = true) {","      var _step$value = _slicedToArray(_step.value, 2),","          key = _step$value[0],","          value = _step$value[1];","","      if (value) {","        installAdapterCommand = installAdapterCommand + ' ' + value;","      }","    }","  } catch (err) {","    _didIteratorError = true;","    _iteratorError = err;","  } finally {","    try {","      if (!_iteratorNormalCompletion && _iterator.return) {","        _iterator.return();","      }","    } finally {","      if (_didIteratorError) {","        throw _iteratorError;","      }","    }","  }","","  return installAdapterCommand;","}","","/**"," * Gets the nearest npm_modules directory"," */","function getNearestNodeModulesDirectory(options) {","","  // Get the nearest node_modules directories to the current working directory","  var nodeModulesDirectories = (0, _findNodeModules2.default)(options);","","  // Make sure we find a node_modules folder","","  /* istanbul ignore else */","  if (nodeModulesDirectories && nodeModulesDirectories.length > 0) {","    return nodeModulesDirectories[0];","  } else {","    console.error('Error: Could not locate node_modules in your project\\'s root directory. Did you forget to npm init or npm install?');","  }","}","","/**"," * Gets the nearest project root directory"," */","function getNearestProjectRootDirectory(options) {","  return _path2.default.join(process.cwd(), getNearestNodeModulesDirectory(options), '/../');","}","","/**"," * Gets a map of arguments where the value is the corresponding npm strings"," */","function getNpmInstallStringMappings(save, saveDev, saveExact, force) {","  return new Map().set('save', save && !saveDev ? '--save' : undefined).set('saveDev', saveDev ? '--save-dev' : undefined).set('saveExact', saveExact ? '--save-exact' : undefined).set('force', force ? '--force' : undefined);","}","","/**"," * Gets the prompter from an adapter given an adapter path"," */","function getPrompter(adapterPath) {","  // Resolve the adapter path","  var resolvedAdapterPath = resolveAdapterPath(adapterPath);","","  // Load the adapter","  var adapter = require(resolvedAdapterPath);","","  /* istanbul ignore next */","  if (adapter && adapter.prompter && (0, _util.isFunction)(adapter.prompter)) {","    return adapter.prompter;","  } else if (adapter && adapter.default && adapter.default.prompter && (0, _util.isFunction)(adapter.default.prompter)) {","    return adapter.default.prompter;","  } else {","    throw \"Could not find prompter method in the provided adapter module: \" + adapterPath;","  }","}","","/**"," * Given a resolvable module name or path, which can be a directory or file, will"," * return a located adapter path or will throw."," */","function resolveAdapterPath(inboundAdapterPath) {","  // Check if inboundAdapterPath is a path or node module name","  var parsed = _path2.default.parse(inboundAdapterPath);","  var isPath = parsed.dir.length > 0 && parsed.dir.charAt(0) !== \"@\";","","  // Resolve from the root of the git repo if inboundAdapterPath is a path","  var absoluteAdapterPath = isPath ? _path2.default.resolve(getGitRootPath(), inboundAdapterPath) : inboundAdapterPath;","","  try {","    // try to resolve the given path","    return require.resolve(absoluteAdapterPath);","  } catch (error) {","    error.message = \"Could not resolve \" + absoluteAdapterPath + \". \" + error.message;","    throw error;","  }","}","","function getGitRootPath() {","  return _shelljs2.default.exec('git rev-parse --show-toplevel').stdout.trim();","}"],"l":{"3":1,"6":1,"8":1,"10":1,"12":1,"14":1,"16":1,"18":1,"20":1,"22":1,"24":1,"26":1,"28":1,"30":1,"32":1,"34":1,"36":6,"38":1,"39":1,"40":1,"41":1,"42":1,"43":1,"44":1,"60":1,"62":0,"70":0,"71":0,"73":0,"74":0,"75":0,"76":0,"77":0,"79":0,"85":1,"88":0,"91":0,"92":0,"93":0,"95":0,"96":0,"97":0,"101":0,"102":0,"106":0,"107":0,"109":0,"110":0,"111":0,"114":0,"115":0,"120":0,"126":1,"129":0,"134":0,"135":0,"137":1,"144":1,"145":0,"151":1,"152":0,"158":1,"160":0,"163":0,"166":1,"167":1,"168":1,"169":1,"171":1,"179":1,"181":0,"182":0,"185":0,"187":0,"189":0,"191":0,"192":0,"196":1,"197":0}},"/home/travis/build/npmtest/node-npmtest-c
[...]
.js","s":{"1":1,"2":1},"b":{},"f":{},"fnMap":{},"statementMap":{"1":{"start":{"line":1,"column":0},"end":{"line":1,"column":27}},"2":{"start":{"line":2,"column":0},"end":{"line":4,"column":3}}},"branchMap":{},"code":["var path = require('path');","require('../dist/cli/git-cz.js').bootstrap({","  cliPath: path.join(__dirname, '../')","});",""],"l":{"1":1,"2":1}},"/home/travis/build/npmtest/node-npmtest-commitizen/node_modules/commitizen/dist/cli/git-cz.js":{"path":"/home/travis/build/npmtest/node-npmtest-commitizen/node_modules/commitizen/dist/cli/git-cz.js","s":{"1":1,"2":1,"3":1,"4":1,"5":1,"6":1,"7":1,"8":1,"9":1,"10":1,"11":0,"12":1},"b":{"1":[1,0],"2":[1,1],"3":[1,1],"4":[0,1]},"f":{"1":1},"fnMap":{"1":{"name":"bootstrap","line":19,"loc":{"start":{"line":19,"column":0},"end":{"line":19,"column":21}}}},"statementMap":{"1":{"start":{"line":3,"column":0},"end":{"line":5,"column":3}},"2":{"start":{"line":6,"column":0},"end":{"line":6,"column":30}},"3":{"start":{"line":8,"column":0},"end":{"line":8,"column":43}},"4":{"start":{"line":10,"column":0},"end":{"line":10,"column":42}},"5":{"start":{"line":12,"column":0},"end":{"line":12,"column":30}},"6":{"start":{"line":19,"column":0},"end":{"line":36,"column":1}},"7":{"start":{"line":20,"column":2},"end":{"line":20,"column":91}},"8":{"start":{"line":24,"column":2},"end":{"line":24,"column":62}},"9":{"start":{"line":26,"column":2},"end":{"line":26,"column":76}},"10":{"start":{"line":29,"column":2},"end":{"line":35,"column":3}},"11":{"start":{"line":31,"column":4},"end":{"line":31,"column":67}},"12":{"start":{"line":34,"column":4},"end":{"line":34,"column":50}}},"branchMap":{"1":{"line":20,"type":"cond-expr","locations":[{"start":{"line":20,"column":73},"end":{"line":20,"column":85}},{"start":{"line":20,"column":88},"end":{"line":20,"column":90}}]},"2":{"line":20,"type":"binary-expr","locations":[{"start":{"line":20,"column":20},"end":{"line":20,"column":40}},{"start":{"line":20,"column":44},"end":{"line":20,"column":70}}]},"3":{"line":26,"type":"binary-expr","locations":[{"start":{"line":26,"column":22},"end":{"line":26,"column":40}},{"start":{"line":26,"column":44},"end":{"line":26,"column":75}}]},"4":{"line":29,"type":"if","locations":[{"start":{"line":29,"column":2},"end":{"line":29,"column":2}},{"start":{"line":29,"column":2},"end":{"line":29,"column":2}}]}},"code":["'use strict';","","Object.defineProperty(exports, \"__esModule\", {","  value: true","});","exports.bootstrap = undefined;","","var _commitizen = require('../commitizen');","","var _strategies = require('./strategies');","","exports.bootstrap = bootstrap;","","/**"," * This is the main cli entry point."," * environment may be used for debugging."," */","","function bootstrap() {","  var environment = arguments.length > 0 && arguments[0] !== undefined ? arguments[0] : {};","","","  // Get cli args","  var rawGitArgs = process.argv.slice(2, process.argv.length);","","  var adapterConfig = environment.config || _commitizen.configLoader.load();","","  // Choose a strategy based on the existance the adapter config","  if (typeof adapterConfig !== 'undefined') {","    // This tells commitizen we're in business","    (0, _strategies.gitCz)(rawGitArgs, environment, adapterConfig);","  } else {","    // This tells commitizen that it is not needed, just use git","    (0, _strategies.git)(rawGitArgs, environment);","  }","}"],"l":{"3":1,"6":1,"8":1,"10":1,"12":1,"19":1,"20":1,"24":1,"26":1,"29":1,"31":0,"34":1}},"/home/travis/build/npmtest/node-npmtest-commitizen/node_modules/commitizen/dist/cli/strategies.js":{"path":"/home/travis/build/npmtest/node-npmtest-commitizen/node_modules/commitizen/dist/cli/strategies.js","s":{"1":1,"2":1,"3":1,"4":1,"5":1,"6":1,"7":1,"8":2,"9":1,"10":1},"b":{"1":[2,0],"2":[2,2]},"f":{"1":2},"fnMap":{"1":{"name":"_interopRequireDefault","line":16,"loc":{"start":{"line":16,"column":0},"end":{"line":16,"column":37}}}},"statementMap":{"1":{"start":{"line":3,"column":0},"end":{"line":5,"column":3}},"2":{"start":{"line":6,"column":0},"end":{"line":6,"column":40}},"3":{"start":{"line":8,"column":0},"end":{"line":8,"column":39}},"4":{"start":{"line":10,"column":0},"end":{"line":10,"column":41}},"5":{"start":{"line":12,"column":0},"end":{"line":12,"column":44}},"6":{"start":{"line":14,"column":0},"end":{"line":14,"column":45}},"7":{"start":{"line":16,"column":0},"end":{"line":16,"column":95}},"8":{"start":{"line":16,"column":39},"end":{"line":16,"column":93}},"9":{"start":{"line":18,"column":0},"end":{"line":18,"column":28}},"10":{"start":{"line":19,"column":0},"end":{"line":19,"column":32}}},"branchMap":{"1":{"line":16,"type":"cond-expr","locations":[{"start":{"line":16,"column":70},"end":{"line":16,"column":73}},{"start":{"line":16,"column":76},"end":{"line":16,"column":92}}]},"2":{"line":16,"type":"binary-expr","locations":[{"start":{"line":16,"column":46},"end":{"line":16,"column":49}},{"start":{"line":16,"column":53},"end":{"line":16,"column":67}}]}},"code":["'use strict';","","Object.defineProperty(exports, \"__esModule\", {","  value: true","});","exports.gitCz = exports.git = undefined;","","var _git = require('./strategies/git');","","var _git2 = _interopRequireDefault(_git);","","var _gitCz = require('./strategies/git-cz');","","var _gitCz2 = _interopRequireDefault(_gitCz);","","function _interopRequireDefault(obj) { return obj && obj.__esModule ? obj : { default: obj }; }","","exports.git = _git2.default;","exports.gitCz = _gitCz2.default;"],"l":{"3":1,"6":1,"8":1,"10":1,"12":1,"14":1,"16":2,"18":1,"19":1}},"/home/travis/build/npmtest/node-npmtest-commitizen/node_modules/commitizen/dist/cli/strategies/git.js":{"path":"/home/travis/build/npmtest/node-npmtest-commitizen/node_modules/commitizen/dist/cli/strategies/git.js","s":{"1":1,"2":1,"3":1,"4":1,"5":1,"6":1,"7":1,"8":1,"9":0,"10":1,"11":1,"12":1,"13":0,"14":0},"b":{"1":[0,1],"2":[1,1],"3":[0,1]},"f":{"1":1,"2":1,"3":0},"fnMap":{"1":{"name":"_interopRequireDefault","line":11,"loc":{"start":{"line":11,"column":0},"end":{"line":11,"column":37}}},"2":{"name":"git","line":18,"loc":{"start":{"line":18,"column":0},"end":{"line":18,"column":38}}},"3":{"name":"(anonymous_3)","line":28,"loc":{"start":{"line":28,"column":22},"end":{"line":28,"column":41}}}},"statementMap":{"1":{"start":{"line":3,"column":0},"end":{"line":5,"column":3}},"2":{"start":{"line":7,"column":0},"end":{"line":7,"column":46}},"3":{"start":{"line":9,"column":0},"end":{"line":9,"column":61}},"4":{"start":{"line":11,"column":0},"end":{"line":11,"column":95}},"5":{"start":{"line":11,"column":39},"end":{"line":11,"column":93}},"6":{"start":{"line":13,"column":0},"end":{"line":13,"column":22}},"7":{"start":{"line":18,"column":0},"end":{"line":33,"column":1}},"8":{"start":{"line":19,"column":2},"end":{"line":32,"column":3}},"9":{"start":{"line":20,"column":4},"end":{"line":20,"column":138}},"10":{"start":{"line":22,"column":4},"end":{"line":22,"column":55}},"11":{"start":{"line":24,"column":4},"end":{"line":26,"column":7}},"12":{"start":{"line":28,"column":4},"end":{"line":31,"column":7}},"13":{"start":{"line":29,"column":6},"end":{"line":29,"column":23}},"14":{"start":{"line":30,"column":6},"end":{"line":30,"column":14}}},"branchMap":{"1":{"line":11,"type":"cond-expr","locations":[{"start":{"line":11,"column":70},"end":{"line":11,"column":73}},{"start":{"line":11,"column":76},"end":{"line":11,"column":92}}]},"2":{"line":11,"type":"binary-expr","locations":[{"start":{"line":11,"column":46},"end":{"line":11,"column":49}},{"start":{"line":11,"column":53},"end":{"line":11,"column":67}}]},"3":{"line":19,"type":"if","locations":[{"start":{"line":19,"column":2},"end":{"line":19,"column":2}},{"start":{"line":19,"column":2},"end":{"line":19,"column":2}}]}},"code":["'use strict';","","Object.defineProperty(exports, \"__esModule\", {","  value: true","});","","var _child_process = require('child_process');","","var _child_process2 = _interopRequireDefault(_child_process);","","function _interopRequireDefault(obj) { return obj && obj.__esModule ? obj : { default: obj }; }","","exports.default = git;","","// We don't have a config, so either we use raw args to try to commit","// or if debug is enabled then we do a strict check for a config file.","","function git(rawGitArgs, environment) {","  if (environment.debug === true) {","    console.error('COMMITIZEN DEBUG: No git-cz friendly config was detected. I looked for .czrc, .cz.json, or czConfig in package.json.');","  } else {","    var vanillaGitArgs = [\"commit\"].concat(rawGitArgs);","","    var child = _child_process2.default.spawn('git', vanillaGitArgs, {","      stdio: 'inherit'","    });","","    child.on('error', function (e, code) {","      console.error(e);","      throw e;","    });","  }","}"],"l":{"3":1,"7":1,"9":1,"11":1,"13":1,"18":1,"19":1,"20":0,"22":1,"24":1,"28":1,"29":0,"30":0}},"/home/travis/build/npmtest/node-npmtest-commitizen/node_modules/commitizen/dist/cli/strategies/git-cz.js":{"path":"/home/travis/build/npmtest/node-npmtest-commitizen/node_modules/commitizen/dist/cli/strategies/git-cz.js","s":{"1":1,"2":1,"3":1,"4":1,"5":1,"6":1,"7":1,"8":1,"9":1,"10":1,"11":1,"12":1,"13":1,"14":1,"15":1,"16":1,"17":1,"18":1,"19":1,"20":1,"21":0,"22":0,"23":0,"24":0,"25":0,"26":0,"27":0,"28":1,"29":5,"30":1,"31":1,"32":1,"33":1,"34":1,"35":0,"36":0,"37":0,"38":0,"39":0,"40":0,"41":0,"42":0,"43":0,"44":0,"45":0,"46":0,"47":0,"48":0,"49":0,"50":0,"51":0,"52":0,"53":0,"54":0,"55":0,"56":0},"b":{"1":[1,0],"2":[1,1],"3":[0,0],"4":[0,0],"5":[0,5],"6":[5,5],"7":[0,0],"8":[0,0],"9":[0,0],"10":[0,0],"11":[0,0],"12":[0,0]},"f":{"1":1,"2":5,"3":0,"4":0,"5":0},"fnMap":{"1":{"name":"_interopRequireWildcard","line":39,"loc":{"start":{"line":39,"column":0},"end":{"line":39,"column":38}}},"2":{"name":"_interopRequireDefault","line":41,"loc":{"start":{"line":41,"column":0},"end":{"line":41,"column":37}}},"3":{"name":"gitCz","line":51,"loc":{"start":{"line":51,"column":0},"end":{"line":51,"column":55}}},"4":{"name":"(anonymous_4)","line":81,"loc":{"start":{"line":81,"column":25},"end":{"line":81,"column":58}}},"5":{"name":"(anonymous_5)","line":100,"loc":{"start":{"line":100,"column":7},"end":{"line":100,"column":24}}}},"statementMap":{"1":{"start":{"line":3,"column":0},"end":{"line":5,"column":3}},"2":{"start":{"line":7,"column":0},"end":{"line":7,"column":24}},"3":{"start":{"line":9,"column":0},"end":{"line":9,"column":39}},"4":{"start":{"line":11,"column":0},"end":{"line":11,"column":28}},"5":{"start":{"line":13,"column":0},"end":{"line":13,"column":43}},"6":{"start":{"line":15,"column":0},"end":{"line":15,"column":34}},"7":{"start":{"line":17,"column":0},"end":{"line":17,"column":49}},"8":{"start":{"line":19,"column":0},"end":{"line":19,"column":36}},"9":{"start":{"line":21,"column":0},"end":{"line":21,"column":51}},"10":{"start":{"line":23,"column":0},"end":{"line":23,"column":37}},"11":{"start":{"line":25,"column":0},"end":{"line":25,"column":51}},"12":{"start":{"line":27,"column":0},"end":{"line":27,"column":41}},"13":{"start":{"line":29,"column":0},"end":{"line":29,"column":37}},"14":{"start":{"line":31,"column":0},"end":{"line":31,"column":46}},"15":{"start":{"line":33,"column":0},"end":{"line":33,"column":32}},"16":{"start":{"line":35,"column":0},"end":{"line":35,"column":29}},"17":{"start":{"line":37,"column":0},"end":{"line":37,"column":49}},"18":{"start":{"line":39,"column":0},"end":{"line":39,"column":269}},"19":{"start":{"line":39,"column":40},"end":{"line":39,"column":267}},"20":{"start":{"line":39,"column":69},"end":{"line":39,"column":80}},"21":{"start":{"line":39,"column":90},"end":{"line":39,"column":106}},"22":{"start":{"line":39,"column":107},"end":{"line":39,"column":228}},"23":{"start":{"line":39,"column":126},"end":{"line":39,"column":226}},"24":{"start":{"line":39,"column":149},"end":{"line":39,"column":224}},"25":{"start":{"line":39,"column":201},"end":{"line":39,"column":224}},"26":{"start":{"line":39,"column":229},"end":{"line":39,"column":250}},"27":{"start":{"line":39,"column":251},"end":{"line":39,"column":265}},"28":{"start":{"line":41,"column":0},"end":{"line":41,"column":95}},"29":{"start":{"line":41,"column":39},"end":{"line":41,"column":93}},"30":{"start":{"line":44,"column":0},"end":{"line":44,"column":33}},"31":{"start":{"line":45,"column":0},"end":{"line":46,"column":64}},"32":{"start":{"line":47,"column":0},"end":{"line":47,"column":42}},"33":{"start":{"line":48,"column":0},"end":{"line":48,"column":24}},"34":{"start":{"line":51,"column":0},"end":{"line":106,"column":1}},"35":{"start":{"line":57,"column":2},"end":{"line":57,"column":67}},"36":{"start":{"line":59,"column":2},"end":{"line":62,"column":3}},"37":{"start":{"line":61,"column":4},"end":{"line":61,"column":56}},"38":{"start":{"line":64,"column":2},"end":{"line":68,"column":3}},"39":{"start":{"line":66,"column":4},"end":{"line":66,"column":49}},"40":{"start":{"line":67,"column":4},"end":{"line":67,"column":11}},"41":{"start":{"line":71,"column":2},"end":{"line":71,"column":42}},"42":{"start":{"line":75,"column":2},"end":{"line":75,"column":66}},"43":{"start":{"line":77,"column":2},"end":{"line":77,"column":73}},"44":{"start":{"line":78,"column":2},"end":{"line":78,"column":83}},"45":{"start":{"line":79,"column":2},"end":{"line":79,"column":49}},"46":{"start":{"line":81,"column":2},"end":{"line":105,"column":5}},"47":{"start":{"line":82,"column":4},"end":{"line":84,"column":5}},"48":{"start":{"line":83,"column":6},"end":{"line":83,"column":18}},"49":{"start":{"line":86,"column":4},"end":{"line":88,"column":5}},"50":{"start":{"line":87,"column":6},"end":{"line":87,"column":83}},"51":{"start":{"line":91,"column":4},"end":{"line":91,"column":94}},"52":{"start":{"line":92,"column":4},"end":{"line":92,"column":86}},"53":{"start":{"line":93,"column":4},"end":{"line":93,"column":127}},"54":{"start":{"line":94,"column":4},"end":{"line":104,"column":7}},"55":{"start":{"line":101,"column":6},"end":{"line":103,"column":7}},"56":{"start":{"line":102,"column":8},"end":{"line":102,"column":20}}},"branchMap":{"1":{"line":39,"type":"if","locations":[{"start":{"line":39,"column":40},"end":{"line":39,"column":40}},{"start":{"line":39,"column":40},"end":{"line":39,"column":40}}]},"2":{"line":39,"type":"binary-expr","locations":[{"start":{"line":39,"column":44},"end":{"line":39,"column":47}},{"start":{"line":39,"column":51},"end":{"line":39,"column":65}}]},"3":{"line":39,"type":"if","locations":[{"start":{"line":39,"column":107},"end":{"line":39,"column":107}},{"start":{"line":39,"column":107},"end":{"line":39,"column":107}}]},"4":{"line":39,"type":"if","locations":[{"start":{"line":39,"column":149},"end":{"line":39,"column":149}},{"start":{"line":39,"column":149},"end":{"line":39,"column":149}}]},"5":{"line":41,"type":"cond-expr","locations":[{"start":{"line":41,"column":70},"end":{"line":41,"column":73}},{"start":{"line":41,"column":76},"end":{"line":41,"column":92}}]},"6":{"line":41,"type":"binary-expr","locations":[{"start":{"line":41,"column":46},"end":{"line":41,"column":49}},{"start":{"line":41,"column":53},"end":{"line":41,"column":67}}]},"7":{"line":59,"type":"if","locations":[{"start":{"line":59,"column":2},"end":{"line":59,"column":2}},{"start":{"line":59,"column":2},"end":{"line":59,"column":2}}]},"8":{"line":64,"type":"if","locations":[{"start":{"line":64,"column":2},"end":{"line":64,"column":2}},{"start":{"line":64,"column":2},"end":{"line":64,"column":2}}]},"9":{"line":75,"type":"binary-expr","locations":[{"start":{"line":75,"column":24},"end":{"line":75,"column":34}},{"start":{"line":75,"column":38},"end":{"line":75,"column":65}}]},"10":{"line":82,"type":"if","locations":[{"start":{"line":82,"column":4},"end":{"line":82,"column":4}},{"start":{"line":82,"column":4},"end":{"line":82,"column":4}}]},"11":{"line":86,"type":"if","locations":[{"start":{"line":86,"column":4},"end":{"line":86,"column":4}},{"start":{"line":86,"column":4},"end":{"line":86,"column":4}}]},"12":{"line":101,"type":"if","locations":[{"start":{"line":101,"column":6},"end":{"line":101,"column":6}},{"start":{"line":101,"column":6},"end":{"line":101,"column":6}}]}},"code":["'use strict';","","Object.defineProperty(exports, \"__esModule\", {","  value: true","});","","var _fs = require('fs');","","var _fs2 = _interopRequireDefault(_fs);","","var _path = require('path');","","var _path2 = _interopRequireDefault(_path);","","var _shelljs = require('shelljs');","","var _shelljs2 = _interopRequireDefault(_shelljs);","","var _inquirer = require('inquirer');","","var _inquirer2 = _interopRequireDefault(_inquirer);","","var _findRoot = require('find-root');","","var _findRoot2 = _interopRequireDefault(_findRoot);","","var _util = require('../../common/util');","","var _parsers = require('../parsers');","","var _commitizen = require('../../commitizen');","","var _git = require('../../git');","","var _git2 = require('./git');","","var gitStrategy = _interopRequireWildcard(_git2);","","function _interopRequireWildcard(obj) { if (obj && obj.__esModule) { return obj; } else { var newObj = {}; if (obj != null) { for (var key in obj) { if (Object.prototype.hasOwnProperty.call(obj, key)) newObj[key] = obj[key]; } } newObj.default = obj; return newObj; } }","","function _interopRequireDefault(obj) { return obj && obj.__esModule ? obj : { default: obj }; }","","// destructure for shorter apis","var parse = _parsers.gitCz.parse;","var getPrompter = _commitizen.adapter.getPrompter,","    resolveAdapterPath = _commitizen.adapter.resolveAdapterPath;","var isClean = _commitizen.staging.isClean;","exports.default = gitCz;","","","function gitCz(rawGitArgs, environment, adapterConfig) {","","  // See if any override conditions exist.","","  // In these very specific scenarios we may want to use a different","  // commit strategy than git-cz. For example, in the case of --amend","  var parsedCommitizenArgs = _parsers.commitizen.parse(rawGitArgs);","","  if (parsedCommitizenArgs.a) {","    // console.log('override -a in place');","    (0, _git.addPath)(_shelljs2.default, process.cwd());","  }","","  if (parsedCommitizenArgs.amend) {","    // console.log('override --amend in place');","    gitStrategy.default(rawGitArgs, environment);","    return;","  }","","  // Now, if we've made it past overrides, proceed with the git-cz strategy","  var parsedGitCzArgs = parse(rawGitArgs);","","  // Determine if we need to process this commit as a retry instead of a","  // normal commit.","  var retryLastCommit = rawGitArgs && rawGitArgs[0] === '--retry';","","  var resolvedAdapterConfigPath = resolveAdapterPath(adapterConfig.path);","  var resolvedAdapterRootPath = (0, _findRoot2.default)(resolvedAdapterConfigPath);","  var prompter = getPrompter(adapterConfig.path);","","  isClean(process.cwd(), function (error, stagingIsClean) {","    if (error) {","      throw error;","    }","","    if (stagingIsClean) {","      throw new Error('No files added to staging! Did you forget to run git add?');","    }","","    // OH GOD IM SORRY FOR THIS SECTION","    var adapterPackageJson = (0, _util.getParsedPackageJsonFromPath)(resolvedAdapterRootPath);","    var cliPackageJson = (0, _util.getParsedPackageJsonFromPath)(environment.cliPath);","    console.log('cz-cli@' + cliPackageJson.version + ', ' + adapterPackageJson.name + '@' + adapterPackageJson.version + '\\n');","    (0, _commitizen.commit)(_shelljs2.default, _inquirer2.default, process.cwd(), prompter, {","      args: parsedGitCzArgs,","      disableAppendPaths: true,","      emitData: true,","      quiet: false,","      retryLastCommit: retryLastCommit","    }, function (error) {","      if (error) {","        throw error;","      }","    });","  });","}"],"l":{"3":1,"7":1,"9":1,"11":1,"13":1,"15":1,"17":1,"19":1,"21":1,"23":1,"25":1,"27":1,"29":1,"31":1,"33":1,"35":1,"37":1,"39":1,"41":5,"44":1,"45":1,"47":1,"48":1,"51":1,"57":0,"59":0,"61":0,"64":0,"66":0,"67":0,"71":0,"75":0,"77":0,"78":0,"79":0,"81":0,"82":0,"83":0,"86":0,"87":0,"91":0,"92":0,"93":0,"94":0,"101":0,"102":0}}}